#
# A fatal error has been detected by the Java Runtime Environment:
#
#  EXCEPTION_ACCESS_VIOLATION (0xc0000005) at pc=0x0000000058624a54, pid=9372, tid=0x0000000000002708
#
# JRE version: Java(TM) SE Runtime Environment (8.0_221-b11) (build 1.8.0_221-b11)
# Java VM: Java HotSpot(TM) 64-Bit Server VM (25.221-b11 mixed mode windows-amd64 compressed oops)
# Problematic frame:
# V  [jvm.dll+0x484a54]
#
# Failed to write core dump. Minidumps are not enabled by default on client versions of Windows
#
# If you would like to submit a bug report, please visit:
#   http://bugreport.java.com/bugreport/crash.jsp
#

---------------  T H R E A D  ---------------

Current thread (0x00000000551f8000):  JavaThread "C2 CompilerThread0" daemon [_thread_in_native, id=9992, stack(0x0000000055870000,0x0000000055970000)]

siginfo: ExceptionCode=0xc0000005, reading address 0x0000000000000010

Registers:
RAX=0x0000000000000000, RBX=0x0000000000000010, RCX=0x000000005455c0f8, RDX=0x000000005d94b390
RSP=0x000000005596b940, RBP=0x000000005d94b3e0, RSI=0x0000000000000000, RDI=0x0000000000000002
R8 =0x000000005d94b390, R9 =0x000000005d94b610, R10=0x00000000000002c0, R11=0x000000005d94b3e0
R12=0x000000005d933290, R13=0x000000005d904d00, R14=0x000000005c6f9a78, R15=0x0000000000000018
RIP=0x0000000058624a54, EFLAGS=0x0000000000010202

Top of Stack: (sp=0x000000005596b940)
0x000000005596b940:   0000000000000010 0000000000000000
0x000000005596b950:   0000000000000002 000000005d904d00
0x000000005596b960:   00000000000004d0 000000005d854e50
0x000000005596b970:   00000000000ce6f0 000000005d85c120
0x000000005596b980:   000000005d904d00 000000005d85ce38
0x000000005596b990:   00000000551f07d0 000000005881eee8
0x000000005596b9a0:   00000000551f07d0 0000000000000100
0x000000005596b9b0:   000000005d8fe9a0 0000000000000001
0x000000005596b9c0:   0000000000000001 00000000551f07d0
0x000000005596b9d0:   0000000000000007 000000005c92ff60
0x000000005596b9e0:   00000000551f07d0 000000005596bea0
0x000000005596b9f0:   0000000000000000 000000005596bb10
0x000000005596ba00:   000000005596bec0 00000000586691fb
0x000000005596ba10:   000000005596bea0 0000000000000a77
0x000000005596ba20:   000000005d933290 000000005d94b3e0
0x000000005596ba30:   000000005c92ffb0 000000005c937f48 

Instructions: (pc=0x0000000058624a54)
0x0000000058624a34:   00 48 8b de 0f 1f 84 00 00 00 00 00 49 8b 46 08
0x0000000058624a44:   48 8b 0c 03 48 85 c9 0f 84 8a 00 00 00 48 8b 01
0x0000000058624a54:   ff 50 10 84 c0 0f 84 7c 00 00 00 49 8b 46 08 48
0x0000000058624a64:   8b 0c 03 8b 41 28 41 8b 4c 85 00 83 f9 ff 74 67 


Register to memory mapping:

RAX=0x0000000000000000 is an unknown value
RBX=0x0000000000000010 is an unknown value
RCX=0x000000005455c0f8 is an unknown value
RDX=0x000000005d94b390 is an unknown value
RSP=0x000000005596b940 is pointing into the stack for thread: 0x00000000551f8000
RBP=0x000000005d94b3e0 is an unknown value
RSI=0x0000000000000000 is an unknown value
RDI=0x0000000000000002 is an unknown value
R8 =0x000000005d94b390 is an unknown value
R9 =0x000000005d94b610 is an unknown value
R10=0x00000000000002c0 is an unknown value
R11=0x000000005d94b3e0 is an unknown value
R12=0x000000005d933290 is an unknown value
R13=0x000000005d904d00 is an unknown value
R14=0x000000005c6f9a78 is an unknown value
R15=0x0000000000000018 is an unknown value


Stack: [0x0000000055870000,0x0000000055970000],  sp=0x000000005596b940,  free space=1006k
Native frames: (J=compiled Java code, j=interpreted, Vv=VM code, C=native code)
V  [jvm.dll+0x484a54]
V  [jvm.dll+0x4c91fb]
V  [jvm.dll+0x47926c]
V  [jvm.dll+0x47a6c3]
V  [jvm.dll+0x45cfd2]
V  [jvm.dll+0xa6a62]
V  [jvm.dll+0xa73af]
V  [jvm.dll+0x24666f]
V  [jvm.dll+0x29fb8a]
C  [msvcr100.dll+0x21d9f]
C  [msvcr100.dll+0x21e3b]
C  [kernel32.dll+0x1570d]
C  [ntdll.dll+0x5385d]


Current CompileTask:
C2:  85276 8420       4       org.gradle.internal.service.DefaultServiceRegistry$OwnServices$ProviderAnalyser::analyseType (114 bytes)


---------------  P R O C E S S  ---------------

Java Threads: ( => current thread )
  0x0000000058e0d800 JavaThread "Cache worker for execution history cache (C:\Users\Umais\wedo_app\android\.gradle\6.0.1\executionHistory)" [_thread_blocked, id=10100, stack(0x0000000062e20000,0x0000000062f20000)]
  0x0000000058e0d000 JavaThread "Execution worker for ':' Thread 3" [_thread_blocked, id=6904, stack(0x0000000062cb0000,0x0000000062db0000)]
  0x0000000058e0c000 JavaThread "Execution worker for ':' Thread 2" [_thread_blocked, id=10144, stack(0x0000000062400000,0x0000000062500000)]
  0x0000000058e0b800 JavaThread "Execution worker for ':'" [_thread_blocked, id=3324, stack(0x0000000062b60000,0x0000000062c60000)]
  0x0000000058e0a800 JavaThread "Memory manager" [_thread_blocked, id=9096, stack(0x0000000060dc0000,0x0000000060ec0000)]
  0x0000000058e0a000 JavaThread "Cache worker for Build Output Cleanup Cache (C:\Users\Umais\wedo_app\android\.gradle\buildOutputCleanup)" [_thread_blocked, id=8688, stack(0x000000005fce0000,0x000000005fde0000)]
  0x0000000058e09000 JavaThread "pool-1-thread-1" [_thread_blocked, id=8164, stack(0x000000005f4a0000,0x000000005f5a0000)]
  0x0000000058e08800 JavaThread "Build operations Thread 4" [_thread_blocked, id=6620, stack(0x000000005f7d0000,0x000000005f8d0000)]
  0x0000000058e07800 JavaThread "Build operations Thread 3" [_thread_blocked, id=10124, stack(0x000000005cdb0000,0x000000005ceb0000)]
  0x0000000058e07000 JavaThread "Build operations Thread 2" [_thread_blocked, id=3956, stack(0x000000005f5c0000,0x000000005f6c0000)]
  0x0000000058e06000 JavaThread "Build operations" [_thread_blocked, id=6468, stack(0x000000005f350000,0x000000005f450000)]
  0x0000000058e05800 JavaThread "Cache worker for execution history cache (C:\Users\Umais\.gradle\caches\6.0.1\executionHistory)" [_thread_blocked, id=8168, stack(0x000000005edb0000,0x000000005eeb0000)]
  0x0000000058e04800 JavaThread "Cache worker for cache directory md-rule (C:\Users\Umais\.gradle\caches\6.0.1\md-rule)" [_thread_blocked, id=7020, stack(0x000000005eca0000,0x000000005eda0000)]
  0x0000000058e04000 JavaThread "Cache worker for cache directory md-supplier (C:\Users\Umais\.gradle\caches\6.0.1\md-supplier)" [_thread_blocked, id=8244, stack(0x000000005a1a0000,0x000000005a2a0000)]
  0x0000000058e01000 JavaThread "Cache worker for file hash cache (C:\Users\Umais\wedo_app\android\.gradle\6.0.1\fileHashes)" [_thread_blocked, id=8132, stack(0x000000005ceb0000,0x000000005cfb0000)]
  0x0000000058e00000 JavaThread "Cache worker for journal cache (C:\Users\Umais\.gradle\caches\journal-1)" [_thread_blocked, id=4560, stack(0x000000005a910000,0x000000005aa10000)]
  0x0000000058dff000 JavaThread "File lock request listener" [_thread_in_native, id=3988, stack(0x000000005a7a0000,0x000000005a8a0000)]
  0x0000000058dfe800 JavaThread "Cache worker for file hash cache (C:\Users\Umais\.gradle\caches\6.0.1\fileHashes)" [_thread_blocked, id=6672, stack(0x000000005a590000,0x000000005a690000)]
  0x0000000056ca7000 JavaThread "Thread-9" [_thread_blocked, id=3648, stack(0x000000005a3f0000,0x000000005a4f0000)]
  0x000000005741c000 JavaThread "Stdin handler" [_thread_blocked, id=9956, stack(0x000000005a2b0000,0x000000005a3b0000)]
  0x0000000057416000 JavaThread "Asynchronous log dispatcher for DefaultDaemonConnection: socket connection from /127.0.0.1:33685 to /127.0.0.1:33686" [_thread_blocked, id=9364, stack(0x0000000055ca0000,0x0000000055da0000)]
  0x0000000057419000 JavaThread "Daemon worker" [_thread_in_native, id=9208, stack(0x0000000059e80000,0x0000000059f80000)]
  0x0000000056801000 JavaThread "Cancel handler" [_thread_blocked, id=4812, stack(0x0000000059ce0000,0x0000000059de0000)]
  0x0000000056672800 JavaThread "Handler for socket connection from /127.0.0.1:33685 to /127.0.0.1:33686" [_thread_in_native, id=8768, stack(0x0000000059af0000,0x0000000059bf0000)]
  0x0000000056671800 JavaThread "Daemon" [_thread_blocked, id=2284, stack(0x0000000057f80000,0x0000000058080000)]
  0x0000000058f10000 JavaThread "Daemon periodic checks" [_thread_blocked, id=8836, stack(0x0000000057e00000,0x0000000057f00000)]
  0x0000000058ef8800 JavaThread "Incoming local TCP Connector on port 33685" [_thread_in_native, id=8940, stack(0x0000000057c90000,0x0000000057d90000)]
  0x0000000058e1c000 JavaThread "Daemon health stats" [_thread_blocked, id=4172, stack(0x00000000577e0000,0x00000000578e0000)]
  0x000000005526c800 JavaThread "Service Thread" daemon [_thread_blocked, id=8592, stack(0x0000000055dc0000,0x0000000055ec0000)]
  0x00000000551fb000 JavaThread "C1 CompilerThread2" daemon [_thread_blocked, id=8880, stack(0x0000000055b90000,0x0000000055c90000)]
  0x00000000551fa000 JavaThread "C2 CompilerThread1" daemon [_thread_in_native, id=7228, stack(0x0000000055980000,0x0000000055a80000)]
=>0x00000000551f8000 JavaThread "C2 CompilerThread0" daemon [_thread_in_native, id=9992, stack(0x0000000055870000,0x0000000055970000)]
  0x0000000053d45800 JavaThread "Attach Listener" daemon [_thread_blocked, id=9660, stack(0x0000000055630000,0x0000000055730000)]
  0x0000000053d44000 JavaThread "Signal Dispatcher" daemon [_thread_blocked, id=9224, stack(0x0000000054d40000,0x0000000054e40000)]
  0x0000000053d2c800 JavaThread "Finalizer" daemon [_thread_blocked, id=9960, stack(0x0000000054fa0000,0x00000000550a0000)]
  0x0000000053d25000 JavaThread "Reference Handler" daemon [_thread_blocked, id=2240, stack(0x00000000550f0000,0x00000000551f0000)]
  0x0000000002098000 JavaThread "main" [_thread_blocked, id=9672, stack(0x0000000002410000,0x0000000002510000)]

Other Threads:
  0x0000000053cdd800 VMThread [stack: 0x0000000054e60000,0x0000000054f60000] [id=6772]
  0x000000005527b800 WatcherThread [stack: 0x0000000055f10000,0x0000000056010000] [id=8860]

VM state:not at safepoint (normal execution)

VM Mutex/Monitor currently owned by a thread: None

heap address: 0x00000000e0000000, size: 512 MB, Compressed Oops mode: 32-bit
Narrow klass base: 0x0000000000000000, Narrow klass shift: 0
Compressed class space size: 1073741824 Address: 0x0000000013350000

Heap:
 PSYoungGen      total 147968K, used 138903K [0x00000000f5580000, 0x0000000100000000, 0x0000000100000000)
  eden space 126464K, 93% used [0x00000000f5580000,0x00000000fc8900e0,0x00000000fd100000)
  from space 21504K, 98% used [0x00000000fd100000,0x00000000fe595f18,0x00000000fe600000)
  to   space 26112K, 0% used [0x00000000fe680000,0x00000000fe680000,0x0000000100000000)
 ParOldGen       total 236544K, used 43814K [0x00000000e0000000, 0x00000000ee700000, 0x00000000f5580000)
  object space 236544K, 18% used [0x00000000e0000000,0x00000000e2ac9bb8,0x00000000ee700000)
 Metaspace       used 65090K, capacity 69297K, committed 69504K, reserved 1107968K
  class space    used 9186K, capacity 10347K, committed 10368K, reserved 1048576K

Card table byte_map: [0x00000000021a0000,0x00000000022b0000] byte_map_base: 0x0000000001aa0000

Marking Bits: (ParMarkBitMap*) 0x00000000589c5ce0
 Begin Bits: [0x0000000012350000, 0x0000000012b50000)
 End Bits:   [0x0000000012b50000, 0x0000000013350000)

Polling page: 0x0000000001c60000

CodeCache: size=245760Kb used=25605Kb max_used=25605Kb free=220154Kb
 bounds [0x00000000027e0000, 0x0000000004100000, 0x00000000117e0000]
 total_blobs=8466 nmethods=7659 adapters=718
 compilation: enabled

Compilation events (10 events):
Event: 85.203 Thread 0x00000000551fb000 8461       3       sun.nio.fs.Util::followLinks (66 bytes)
Event: 85.204 Thread 0x00000000551fb000 nmethod 8461 0x00000000040eff90 code [0x00000000040f0120, 0x00000000040f0518]
Event: 85.204 Thread 0x00000000551fb000 8462       3       sun.nio.fs.WindowsFileAttributeViews$Basic::readAttributes (5 bytes)
Event: 85.205 Thread 0x00000000551fb000 nmethod 8462 0x00000000040f0710 code [0x00000000040f08c0, 0x00000000040f0ea8]
Event: 85.205 Thread 0x00000000551fb000 8463   !   3       sun.nio.fs.WindowsFileAttributeViews$Basic::readAttributes (30 bytes)
Event: 85.206 Thread 0x00000000551fb000 nmethod 8463 0x00000000040f1150 code [0x00000000040f1300, 0x00000000040f1868]
Event: 85.206 Thread 0x00000000551fb000 8464   !   3       sun.nio.fs.WindowsFileAttributes::get (236 bytes)
Event: 85.215 Thread 0x00000000551fb000 nmethod 8464 0x00000000040f1a90 code [0x00000000040f1f00, 0x00000000040f3d98]
Event: 85.215 Thread 0x00000000551fb000 8465   !   3       sun.nio.fs.WindowsNativeDispatcher::GetFileAttributesEx (30 bytes)
Event: 85.216 Thread 0x00000000551fb000 nmethod 8465 0x00000000040f58d0 code [0x00000000040f5a80, 0x00000000040f5e18]

GC Heap History (10 events):
Event: 37.765 GC heap before
{Heap before GC invocations=10 (full 2):
 PSYoungGen      total 100864K, used 97825K [0x00000000f5580000, 0x00000000ff200000, 0x0000000100000000)
  eden space 86528K, 100% used [0x00000000f5580000,0x00000000faa00000,0x00000000faa00000)
  from space 14336K, 78% used [0x00000000faa00000,0x00000000fb5087d0,0x00000000fb800000)
  to   space 14848K, 0% used [0x00000000fe380000,0x00000000fe380000,0x00000000ff200000)
 ParOldGen       total 185344K, used 18632K [0x00000000e0000000, 0x00000000eb500000, 0x00000000f5580000)
  object space 185344K, 10% used [0x00000000e0000000,0x00000000e1232098,0x00000000eb500000)
 Metaspace       used 47093K, capacity 48605K, committed 48640K, reserved 1091584K
  class space    used 6473K, capacity 6907K, committed 6912K, reserved 1048576K
Event: 38.701 GC heap after
Heap after GC invocations=10 (full 2):
 PSYoungGen      total 143872K, used 14839K [0x00000000f5580000, 0x0000000100000000, 0x0000000100000000)
  eden space 129024K, 0% used [0x00000000f5580000,0x00000000f5580000,0x00000000fd380000)
  from space 14848K, 99% used [0x00000000fe380000,0x00000000ff1fdf60,0x00000000ff200000)
  to   space 16384K, 0% used [0x00000000fd380000,0x00000000fd380000,0x00000000fe380000)
 ParOldGen       total 185344K, used 18929K [0x00000000e0000000, 0x00000000eb500000, 0x00000000f5580000)
  object space 185344K, 10% used [0x00000000e0000000,0x00000000e127c740,0x00000000eb500000)
 Metaspace       used 47093K, capacity 48605K, committed 48640K, reserved 1091584K
  class space    used 6473K, capacity 6907K, committed 6912K, reserved 1048576K
}
Event: 62.531 GC heap before
{Heap before GC invocations=11 (full 2):
 PSYoungGen      total 143872K, used 143863K [0x00000000f5580000, 0x0000000100000000, 0x0000000100000000)
  eden space 129024K, 100% used [0x00000000f5580000,0x00000000fd380000,0x00000000fd380000)
  from space 14848K, 99% used [0x00000000fe380000,0x00000000ff1fdf60,0x00000000ff200000)
  to   space 16384K, 0% used [0x00000000fd380000,0x00000000fd380000,0x00000000fe380000)
 ParOldGen       total 185344K, used 18929K [0x00000000e0000000, 0x00000000eb500000, 0x00000000f5580000)
  object space 185344K, 10% used [0x00000000e0000000,0x00000000e127c740,0x00000000eb500000)
 Metaspace       used 54833K, capacity 56913K, committed 57216K, reserved 1097728K
  class space    used 7696K, capacity 8234K, committed 8320K, reserved 1048576K
Event: 62.670 GC heap after
Heap after GC invocations=11 (full 2):
 PSYoungGen      total 145408K, used 16353K [0x00000000f5580000, 0x0000000100000000, 0x0000000100000000)
  eden space 129024K, 0% used [0x00000000f5580000,0x00000000f5580000,0x00000000fd380000)
  from space 16384K, 99% used [0x00000000fd380000,0x00000000fe378520,0x00000000fe380000)
  to   space 22016K, 0% used [0x00000000fea80000,0x00000000fea80000,0x0000000100000000)
 ParOldGen       total 185344K, used 27684K [0x00000000e0000000, 0x00000000eb500000, 0x00000000f5580000)
  object space 185344K, 14% used [0x00000000e0000000,0x00000000e1b09098,0x00000000eb500000)
 Metaspace       used 54833K, capacity 56913K, committed 57216K, reserved 1097728K
  class space    used 7696K, capacity 8234K, committed 8320K, reserved 1048576K
}
Event: 66.013 GC heap before
{Heap before GC invocations=12 (full 2):
 PSYoungGen      total 145408K, used 53392K [0x00000000f5580000, 0x0000000100000000, 0x0000000100000000)
  eden space 129024K, 28% used [0x00000000f5580000,0x00000000f79abc08,0x00000000fd380000)
  from space 16384K, 99% used [0x00000000fd380000,0x00000000fe378520,0x00000000fe380000)
  to   space 22016K, 0% used [0x00000000fea80000,0x00000000fea80000,0x0000000100000000)
 ParOldGen       total 185344K, used 27684K [0x00000000e0000000, 0x00000000eb500000, 0x00000000f5580000)
  object space 185344K, 14% used [0x00000000e0000000,0x00000000e1b09098,0x00000000eb500000)
 Metaspace       used 56812K, capacity 59079K, committed 59160K, reserved 1099776K
  class space    used 7919K, capacity 8495K, committed 8576K, reserved 1048576K
Event: 66.770 GC heap after
Heap after GC invocations=12 (full 2):
 PSYoungGen      total 148480K, used 20373K [0x00000000f5580000, 0x0000000100000000, 0x0000000100000000)
  eden space 126464K, 0% used [0x00000000f5580000,0x00000000f5580000,0x00000000fd100000)
  from space 22016K, 92% used [0x00000000fea80000,0x00000000ffe65418,0x0000000100000000)
  to   space 24064K, 0% used [0x00000000fd100000,0x00000000fd100000,0x00000000fe880000)
 ParOldGen       total 185344K, used 27756K [0x00000000e0000000, 0x00000000eb500000, 0x00000000f5580000)
  object space 185344K, 14% used [0x00000000e0000000,0x00000000e1b1b0a8,0x00000000eb500000)
 Metaspace       used 56812K, capacity 59079K, committed 59160K, reserved 1099776K
  class space    used 7919K, capacity 8495K, committed 8576K, reserved 1048576K
}
Event: 66.770 GC heap before
{Heap before GC invocations=13 (full 3):
 PSYoungGen      total 148480K, used 20373K [0x00000000f5580000, 0x0000000100000000, 0x0000000100000000)
  eden space 126464K, 0% used [0x00000000f5580000,0x00000000f5580000,0x00000000fd100000)
  from space 22016K, 92% used [0x00000000fea80000,0x00000000ffe65418,0x0000000100000000)
  to   space 24064K, 0% used [0x00000000fd100000,0x00000000fd100000,0x00000000fe880000)
 ParOldGen       total 185344K, used 27756K [0x00000000e0000000, 0x00000000eb500000, 0x00000000f5580000)
  object space 185344K, 14% used [0x00000000e0000000,0x00000000e1b1b0a8,0x00000000eb500000)
 Metaspace       used 56812K, capacity 59079K, committed 59160K, reserved 1099776K
  class space    used 7919K, capacity 8495K, committed 8576K, reserved 1048576K
Event: 68.077 GC heap after
Heap after GC invocations=13 (full 3):
 PSYoungGen      total 148480K, used 0K [0x00000000f5580000, 0x0000000100000000, 0x0000000100000000)
  eden space 126464K, 0% used [0x00000000f5580000,0x00000000f5580000,0x00000000fd100000)
  from space 22016K, 0% used [0x00000000fea80000,0x00000000fea80000,0x0000000100000000)
  to   space 24064K, 0% used [0x00000000fd100000,0x00000000fd100000,0x00000000fe880000)
 ParOldGen       total 236544K, used 43806K [0x00000000e0000000, 0x00000000ee700000, 0x00000000f5580000)
  object space 236544K, 18% used [0x00000000e0000000,0x00000000e2ac7bb8,0x00000000ee700000)
 Metaspace       used 56808K, capacity 59067K, committed 59160K, reserved 1099776K
  class space    used 7918K, capacity 8493K, committed 8576K, reserved 1048576K
}
Event: 78.095 GC heap before
{Heap before GC invocations=14 (full 3):
 PSYoungGen      total 148480K, used 126464K [0x00000000f5580000, 0x0000000100000000, 0x0000000100000000)
  eden space 126464K, 100% used [0x00000000f5580000,0x00000000fd100000,0x00000000fd100000)
  from space 22016K, 0% used [0x00000000fea80000,0x00000000fea80000,0x0000000100000000)
  to   space 24064K, 0% used [0x00000000fd100000,0x00000000fd100000,0x00000000fe880000)
 ParOldGen       total 236544K, used 43806K [0x00000000e0000000, 0x00000000ee700000, 0x00000000f5580000)
  object space 236544K, 18% used [0x00000000e0000000,0x00000000e2ac7bb8,0x00000000ee700000)
 Metaspace       used 61307K, capacity 64675K, committed 64896K, reserved 1103872K
  class space    used 8591K, capacity 9573K, committed 9600K, reserved 1048576K
Event: 78.171 GC heap after
Heap after GC invocations=14 (full 3):
 PSYoungGen      total 147968K, used 21079K [0x00000000f5580000, 0x0000000100000000, 0x0000000100000000)
  eden space 126464K, 0% used [0x00000000f5580000,0x00000000f5580000,0x00000000fd100000)
  from space 21504K, 98% used [0x00000000fd100000,0x00000000fe595f18,0x00000000fe600000)
  to   space 26112K, 0% used [0x00000000fe680000,0x00000000fe680000,0x0000000100000000)
 ParOldGen       total 236544K, used 43814K [0x00000000e0000000, 0x00000000ee700000, 0x00000000f5580000)
  object space 236544K, 18% used [0x00000000e0000000,0x00000000e2ac9bb8,0x00000000ee700000)
 Metaspace       used 61307K, capacity 64675K, committed 64896K, reserved 1103872K
  class space    used 8591K, capacity 9573K, committed 9600K, reserved 1048576K
}

Deoptimization events (10 events):
Event: 83.951 Thread 0x0000000057419000 Uncommon trap: reason=unstable_if action=reinterpret pc=0x0000000003214228 method=com.esotericsoftware.kryo.io.Input.require(I)I @ 65
Event: 83.979 Thread 0x0000000057419000 Uncommon trap: reason=unstable_if action=reinterpret pc=0x0000000003f071c8 method=com.google.common.cache.LocalCache.isExpired(Lcom/google/common/cache/ReferenceEntry;J)Z @ 9
Event: 84.194 Thread 0x0000000057419000 Uncommon trap: reason=speculate_class_check action=maybe_recompile pc=0x0000000002a45118 method=com.google.common.collect.AbstractIndexedListIterator.next()Ljava/lang/Object; @ 27
Event: 84.196 Thread 0x0000000057419000 Uncommon trap: reason=speculate_class_check action=maybe_recompile pc=0x0000000002a45118 method=com.google.common.collect.AbstractIndexedListIterator.next()Ljava/lang/Object; @ 27
Event: 84.196 Thread 0x0000000057419000 Uncommon trap: reason=speculate_class_check action=maybe_recompile pc=0x0000000002a45118 method=com.google.common.collect.AbstractIndexedListIterator.next()Ljava/lang/Object; @ 27
Event: 84.196 Thread 0x0000000057419000 Uncommon trap: reason=speculate_class_check action=maybe_recompile pc=0x0000000002a45118 method=com.google.common.collect.AbstractIndexedListIterator.next()Ljava/lang/Object; @ 27
Event: 84.205 Thread 0x0000000057419000 Uncommon trap: reason=unstable_if action=reinterpret pc=0x0000000003ba5574 method=org.gradle.internal.logging.sink.OutputEventTransformer.onOutput(Lorg/gradle/internal/logging/events/OutputEvent;)V @ 114
Event: 84.335 Thread 0x0000000057419000 Uncommon trap: reason=unstable_if action=reinterpret pc=0x0000000003d02260 method=org.gradle.internal.logging.progress.DefaultProgressLoggerFactory.newOperation(Ljava/lang/Class;Lorg/gradle/internal/operations/BuildOperationDescriptor;)Lorg/gradle/interna
Event: 84.335 Thread 0x0000000057419000 Uncommon trap: reason=unstable_if action=reinterpret pc=0x0000000003b98714 method=org.gradle.internal.operations.logging.LoggingBuildOperationProgressBroadcaster.onOutput(Lorg/gradle/internal/logging/events/OutputEvent;)V @ 73
Event: 84.679 Thread 0x0000000057419000 Uncommon trap: reason=unstable_if action=reinterpret pc=0x0000000003aa5730 method=org.gradle.internal.operations.logging.LoggingBuildOperationProgressBroadcaster.onOutput(Lorg/gradle/internal/logging/events/OutputEvent;)V @ 73

Classes redefined (0 events):
No events

Internal exceptions (10 events):
Event: 83.180 Thread 0x0000000057419000 Exception <a 'java/security/PrivilegedActionException'> (0x00000000fabdbba8) thrown at [C:\re\workspace\8-2-build-windows-amd64-cygwin\jdk8u221\13320\hotspot\src\share\vm\prims\jvm.cpp, line 1502]
Event: 83.181 Thread 0x0000000057419000 Exception <a 'java/security/PrivilegedActionException'> (0x00000000fabdcb10) thrown at [C:\re\workspace\8-2-build-windows-amd64-cygwin\jdk8u221\13320\hotspot\src\share\vm\prims\jvm.cpp, line 1502]
Event: 83.181 Thread 0x0000000057419000 Exception <a 'java/security/PrivilegedActionException'> (0x00000000fabe0068) thrown at [C:\re\workspace\8-2-build-windows-amd64-cygwin\jdk8u221\13320\hotspot\src\share\vm\prims\jvm.cpp, line 1502]
Event: 83.181 Thread 0x0000000057419000 Exception <a 'java/security/PrivilegedActionException'> (0x00000000fabe0fd0) thrown at [C:\re\workspace\8-2-build-windows-amd64-cygwin\jdk8u221\13320\hotspot\src\share\vm\prims\jvm.cpp, line 1502]
Event: 83.184 Thread 0x0000000057419000 Exception <a 'java/lang/ClassNotFoundException': build_826cm0epo1nxu52abyj63b6b5$_run_closure1BeanInfo> (0x00000000fabf5458) thrown at [C:\re\workspace\8-2-build-windows-amd64-cygwin\jdk8u221\13320\hotspot\src\share\vm\classfile\systemDictionary.cpp, line
Event: 83.186 Thread 0x0000000057419000 Exception <a 'java/lang/ClassNotFoundException': build_826cm0epo1nxu52abyj63b6b5$_run_closure1Customizer> (0x00000000fac0e9e0) thrown at [C:\re\workspace\8-2-build-windows-amd64-cygwin\jdk8u221\13320\hotspot\src\share\vm\classfile\systemDictionary.cpp, li
Event: 83.350 Thread 0x0000000057419000 Exception <a 'java/lang/ClassNotFoundException': build_7urzh7y7qldnzt7ycidckei0xBeanInfo> (0x00000000fae9c478) thrown at [C:\re\workspace\8-2-build-windows-amd64-cygwin\jdk8u221\13320\hotspot\src\share\vm\classfile\systemDictionary.cpp, line 210]
Event: 83.351 Thread 0x0000000057419000 Exception <a 'java/lang/ClassNotFoundException': build_7urzh7y7qldnzt7ycidckei0xCustomizer> (0x00000000faea9378) thrown at [C:\re\workspace\8-2-build-windows-amd64-cygwin\jdk8u221\13320\hotspot\src\share\vm\classfile\systemDictionary.cpp, line 210]
Event: 83.406 Thread 0x0000000057419000 Exception <a 'java/lang/ClassNotFoundException': build_7urzh7y7qldnzt7ycidckei0x$_run_closure1BeanInfo> (0x00000000fafb0608) thrown at [C:\re\workspace\8-2-build-windows-amd64-cygwin\jdk8u221\13320\hotspot\src\share\vm\classfile\systemDictionary.cpp, line
Event: 83.409 Thread 0x0000000057419000 Exception <a 'java/lang/ClassNotFoundException': build_7urzh7y7qldnzt7ycidckei0x$_run_closure1Customizer> (0x00000000fafc04d0) thrown at [C:\re\workspace\8-2-build-windows-amd64-cygwin\jdk8u221\13320\hotspot\src\share\vm\classfile\systemDictionary.cpp, li

Events (10 events):
Event: 84.809 loading class org/gradle/internal/file/impl/DefaultDeleter$Handling
Event: 84.809 loading class org/gradle/internal/file/impl/DefaultDeleter$Handling done
Event: 84.810 loading class org/gradle/internal/file/impl/DefaultDeleter$Handling$1
Event: 84.810 loading class org/gradle/internal/file/impl/DefaultDeleter$Handling$1 done
Event: 84.811 loading class org/gradle/internal/file/impl/DefaultDeleter$Handling$2
Event: 84.811 loading class org/gradle/internal/file/impl/DefaultDeleter$Handling$2 done
Event: 84.817 loading class org/gradle/internal/file/impl/DefaultDeleter$Handling$3
Event: 84.817 loading class org/gradle/internal/file/impl/DefaultDeleter$Handling$3 done
Event: 84.818 loading class org/gradle/internal/file/impl/DefaultDeleter$Handling$4
Event: 84.818 loading class org/gradle/internal/file/impl/DefaultDeleter$Handling$4 done


Dynamic libraries:
0x000000013f120000 - 0x000000013f157000 	C:\Program Files\Java\jdk1.8.0_221\bin\java.exe
0x00000000779a0000 - 0x0000000077b3f000 	C:\Windows\SYSTEM32\ntdll.dll
0x0000000077880000 - 0x000000007799f000 	C:\Windows\system32\kernel32.dll
0x000007fefd700000 - 0x000007fefd76a000 	C:\Windows\system32\KERNELBASE.dll
0x000007fefd8b0000 - 0x000007fefd98b000 	C:\Windows\system32\ADVAPI32.dll
0x000007fefdb60000 - 0x000007fefdbff000 	C:\Windows\system32\msvcrt.dll
0x000007fefdaa0000 - 0x000007fefdabf000 	C:\Windows\SYSTEM32\sechost.dll
0x000007fefdc00000 - 0x000007fefdd2c000 	C:\Windows\system32\RPCRT4.dll
0x0000000077780000 - 0x000000007787a000 	C:\Windows\system32\USER32.dll
0x000007fefe610000 - 0x000007fefe677000 	C:\Windows\system32\GDI32.dll
0x000007fefde00000 - 0x000007fefde0e000 	C:\Windows\system32\LPK.dll
0x000007fefdd30000 - 0x000007fefddfb000 	C:\Windows\system32\USP10.dll
0x000007fefbef0000 - 0x000007fefc0e4000 	C:\Windows\WinSxS\amd64_microsoft.windows.common-controls_6595b64144ccf1df_6.0.7601.18837_none_fa3b1e3d17594757\COMCTL32.dll
0x000007fefebb0000 - 0x000007fefec21000 	C:\Windows\system32\SHLWAPI.dll
0x000007fefd990000 - 0x000007fefd9be000 	C:\Windows\system32\IMM32.DLL
0x000007fefe500000 - 0x000007fefe609000 	C:\Windows\system32\MSCTF.dll
0x000000006e330000 - 0x000000006e402000 	C:\Program Files\Java\jdk1.8.0_221\jre\bin\msvcr100.dll
0x00000000581a0000 - 0x0000000058a45000 	C:\Program Files\Java\jdk1.8.0_221\jre\bin\server\jvm.dll
0x000007fefb7f0000 - 0x000007fefb7f9000 	C:\Windows\system32\WSOCK32.dll
0x000007fefdfa0000 - 0x000007fefdfed000 	C:\Windows\system32\WS2_32.dll
0x000007fefe470000 - 0x000007fefe478000 	C:\Windows\system32\NSI.dll
0x000007fefb820000 - 0x000007fefb85b000 	C:\Windows\system32\WINMM.dll
0x000007fefc580000 - 0x000007fefc58c000 	C:\Windows\system32\VERSION.dll
0x0000000077b40000 - 0x0000000077b47000 	C:\Windows\system32\PSAPI.DLL
0x000007fefbee0000 - 0x000007fefbeef000 	C:\Program Files\Java\jdk1.8.0_221\jre\bin\verify.dll
0x000007fef2d80000 - 0x000007fef2da9000 	C:\Program Files\Java\jdk1.8.0_221\jre\bin\java.dll
0x000007fef2df0000 - 0x000007fef2e06000 	C:\Program Files\Java\jdk1.8.0_221\jre\bin\zip.dll
0x000007fefef00000 - 0x000007feffc8a000 	C:\Windows\system32\SHELL32.dll
0x000007fefdff0000 - 0x000007fefe1ef000 	C:\Windows\system32\ole32.dll
0x000007fefd500000 - 0x000007fefd50f000 	C:\Windows\system32\profapi.dll
0x000007fef2d60000 - 0x000007fef2d7a000 	C:\Program Files\Java\jdk1.8.0_221\jre\bin\net.dll
0x000007fefde10000 - 0x000007fefdf98000 	C:\Windows\system32\urlmon.dll
0x000007fefd510000 - 0x000007fefd514000 	C:\Windows\system32\api-ms-win-downlevel-ole32-l1-1-0.dll
0x000007fefd840000 - 0x000007fefd844000 	C:\Windows\system32\api-ms-win-downlevel-shlwapi-l1-1-0.dll
0x000007fefd890000 - 0x000007fefd895000 	C:\Windows\system32\api-ms-win-downlevel-advapi32-l1-1-0.dll
0x000007fefd830000 - 0x000007fefd834000 	C:\Windows\system32\api-ms-win-downlevel-user32-l1-1-0.dll
0x000007fefd8a0000 - 0x000007fefd8a4000 	C:\Windows\system32\api-ms-win-downlevel-version-l1-1-0.dll
0x000007fefd6f0000 - 0x000007fefd6f3000 	C:\Windows\system32\api-ms-win-downlevel-normaliz-l1-1-0.dll
0x0000000077b50000 - 0x0000000077b53000 	C:\Windows\system32\normaliz.DLL
0x000007fefec30000 - 0x000007fefeefa000 	C:\Windows\system32\iertutil.dll
0x000007fefe700000 - 0x000007fefebac000 	C:\Windows\system32\WININET.dll
0x000007fefd520000 - 0x000007fefd53e000 	C:\Windows\system32\USERENV.dll
0x000007fefcc30000 - 0x000007fefcc85000 	C:\Windows\system32\mswsock.dll
0x000007fefcc20000 - 0x000007fefcc27000 	C:\Windows\System32\wship6.dll
0x000007fef2d40000 - 0x000007fef2d52000 	C:\Program Files\Java\jdk1.8.0_221\jre\bin\nio.dll
0x000007fef2c80000 - 0x000007fef2ca6000 	C:\Users\Umais\.gradle\native\30\windows-amd64\native-platform.dll
0x000007feef1f0000 - 0x000007feef1f3000 	C:\Windows\system32\api-ms-win-core-synch-l1-2-0.DLL
0x000007fefb990000 - 0x000007fefb99d000 	C:\Program Files\Java\jdk1.8.0_221\jre\bin\management.dll
0x000007fefccd0000 - 0x000007fefcce8000 	C:\Windows\system32\CRYPTSP.dll
0x000007fefc990000 - 0x000007fefc9d7000 	C:\Windows\system32\rsaenh.dll
0x000007fefd390000 - 0x000007fefd39f000 	C:\Windows\system32\CRYPTBASE.dll
0x000007fefaad0000 - 0x000007fefaaf7000 	C:\Windows\system32\IPHLPAPI.DLL
0x000007fefaac0000 - 0x000007fefaacb000 	C:\Windows\system32\WINNSI.DLL
0x000007fefa750000 - 0x000007fefa768000 	C:\Windows\system32\dhcpcsvc.DLL
0x000007fefa730000 - 0x000007fefa741000 	C:\Windows\system32\dhcpcsvc6.DLL
0x000007fefd330000 - 0x000007fefd387000 	C:\Windows\system32\apphelp.dll
0x000007fef9530000 - 0x000007fef9655000 	C:\Windows\system32\dbghelp.dll

VM Arguments:
jvm_args: -XX:MaxMetaspaceSize=256m -XX:+HeapDumpOnOutOfMemoryError -Xms256m -Xmx512m -Dfile.encoding=windows-1252 -Duser.country=US -Duser.language=en -Duser.variant 
java_command: org.gradle.launcher.daemon.bootstrap.GradleDaemon 6.0.1
java_class_path (initial): C:\Users\Umais\.gradle\wrapper\dists\gradle-6.0.1-all\99d3u8wxs16ndehh90lbbir67\gradle-6.0.1\lib\gradle-launcher-6.0.1.jar
Launcher Type: SUN_STANDARD

Environment Variables:
JAVA_HOME=C:\Program Files\Java\jdk1.8.0_221
CLASSPATH=C:\Users\Umais\wedo_app\android\\gradle\wrapper\gradle-wrapper.jar
USERNAME=Umais
OS=Windows_NT
PROCESSOR_IDENTIFIER=Intel64 Family 6 Model 42 Stepping 7, GenuineIntel



---------------  S Y S T E M  ---------------

OS: Windows 7 , 64 bit Build 7601 (6.1.7601.24384)

CPU:total 4 (initial active 4) (2 cores per cpu, 2 threads per core) family 6 model 42 stepping 7, cmov, cx8, fxsr, mmx, sse, sse2, sse3, ssse3, sse4.1, sse4.2, popcnt, avx, clmul, ht, tsc, tscinvbit

Memory: 4k page, physical 8281456k(1548108k free), swap 16561008k(8875256k free)

vm_info: Java HotSpot(TM) 64-Bit Server VM (25.221-b11) for windows-amd64 JRE (1.8.0_221-b11), built on Jul  4 2019 04:39:29 by "java_re" with MS VC++ 10.0 (VS2010)

time: Thu Jun 11 15:46:16 2020
timezone: Pakistan Standard Time
elapsed time: 85 seconds (0d 0h 1m 25s)

