#
# A fatal error has been detected by the Java Runtime Environment:
#
#  EXCEPTION_ACCESS_VIOLATION (0xc0000005) at pc=0x000000006c209fa7, pid=6200, tid=0x0000000000000df4
#
# JRE version: Java(TM) SE Runtime Environment (8.0_221-b11) (build 1.8.0_221-b11)
# Java VM: Java HotSpot(TM) 64-Bit Server VM (25.221-b11 mixed mode windows-amd64 compressed oops)
# Problematic frame:
# V  [jvm.dll+0x519fa7]
#
# Failed to write core dump. Minidumps are not enabled by default on client versions of Windows
#
# If you would like to submit a bug report, please visit:
#   http://bugreport.java.com/bugreport/crash.jsp
#

---------------  T H R E A D  ---------------

Current thread (0x0000000053eb7000):  JavaThread "C2 CompilerThread1" daemon [_thread_in_native, id=3572, stack(0x0000000055c10000,0x0000000055d10000)]

siginfo: ExceptionCode=0xc0000005, reading address 0x0000000058b44ff8

Registers:
RAX=0x00000000635e7c80, RBX=0x0000000000000000, RCX=0x0000000058b44fd0, RDX=0x0000000000000000
RSP=0x0000000055d0c350, RBP=0x0000000055d0c450, RSI=0x0000000000000004, RDI=0x000000006827f2d0
R8 =0x0000000000000085, R9 =0x0000000000000000, R10=0x00000000000000c1, R11=0x0000000000000640
R12=0x000000006827f2e0, R13=0x0000000000000085, R14=0x0000000055d0ca40, R15=0x000000005b321660
RIP=0x000000006c209fa7, EFLAGS=0x0000000000010287

Top of Stack: (sp=0x0000000055d0c350)
0x0000000055d0c350:   00000000699c7da8 0000000000000006
0x0000000055d0c360:   0000000055d0c450 0000000055d0c450
0x0000000055d0c370:   0000000000000020 0000000000001bf4
0x0000000055d0c380:   0000000000000000 000000005a86fd00
0x0000000055d0c390:   0000000055d0c650 0000000000000006
0x0000000055d0c3a0:   0000000000000004 000000006827f2d0
0x0000000055d0c3b0:   00000000000000c1 0000000000000085
0x0000000055d0c3c0:   0000000000000000 00000085000000c9
0x0000000055d0c3d0:   00000dbe00000000 0000000055d0c720
0x0000000055d0c3e0:   000000000000000f 000000005bb99ee0
0x0000000055d0c3f0:   00000000000000c1 00000dbe000000c9
0x0000000055d0c400:   0000000055d0c720 000000000000000f
0x0000000055d0c410:   000000005bb967e0 0000000000000ad6
0x0000000055d0c420:   000000006428c730 000000006341d920
0x0000000055d0c430:   ffffffffa68e8400 00000000000003d8
0x0000000055d0c440:   000000006341dcf8 000000006341d910 

Instructions: (pc=0x000000006c209fa7)
0x000000006c209f87:   3b e8 76 0d 41 8b c5 2b c1 a8 01 0f 84 74 03 00
0x000000006c209f97:   00 49 8b 47 08 4a 8b 0c c0 49 8b 86 28 01 00 00
0x000000006c209fa7:   48 63 51 28 8b 0c 90 41 3b 8e e8 00 00 00 0f 83
0x000000006c209fb7:   4d 03 00 00 49 8b 46 70 8b d9 8b d1 48 8b 48 20 


Register to memory mapping:

RAX=0x00000000635e7c80 is an unknown value
RBX=0x0000000000000000 is an unknown value
RCX=0x0000000058b44fd0 is pointing into the stack for thread: 0x000000005747f800
RDX=0x0000000000000000 is an unknown value
RSP=0x0000000055d0c350 is pointing into the stack for thread: 0x0000000053eb7000
RBP=0x0000000055d0c450 is pointing into the stack for thread: 0x0000000053eb7000
RSI=0x0000000000000004 is an unknown value
RDI=0x000000006827f2d0 is an unknown value
R8 =0x0000000000000085 is an unknown value
R9 =0x0000000000000000 is an unknown value
R10=0x00000000000000c1 is an unknown value
R11=0x0000000000000640 is an unknown value
R12=0x000000006827f2e0 is an unknown value
R13=0x0000000000000085 is an unknown value
R14=0x0000000055d0ca40 is pointing into the stack for thread: 0x0000000053eb7000
R15=0x000000005b321660 is an unknown value


Stack: [0x0000000055c10000,0x0000000055d10000],  sp=0x0000000055d0c350,  free space=1008k
Native frames: (J=compiled Java code, j=interpreted, Vv=VM code, C=native code)
V  [jvm.dll+0x519fa7]
V  [jvm.dll+0x46c826]
V  [jvm.dll+0x477e4b]
V  [jvm.dll+0x47a757]
V  [jvm.dll+0x45cfd2]
V  [jvm.dll+0xa6a62]
V  [jvm.dll+0xa73af]
V  [jvm.dll+0x24666f]
V  [jvm.dll+0x29fb8a]
C  [msvcr100.dll+0x21d9f]
C  [msvcr100.dll+0x21e3b]
C  [kernel32.dll+0x1570d]
C  [ntdll.dll+0x5385d]


Current CompileTask:
C2:1179129 28721 %     4       com.android.tools.r8.ir.conversion.IRBuilder::a @ 777 (2002 bytes)


---------------  P R O C E S S  ---------------

Java Threads: ( => current thread )
  0x0000000061214000 JavaThread "WorkerExecutor Queue Thread 7" [_thread_blocked, id=3612, stack(0x0000000066920000,0x0000000066a20000)]
  0x000000005aa79800 JavaThread "stdout" [_thread_in_native, id=5264, stack(0x0000000067370000,0x0000000067470000)]
  0x000000005aa78800 JavaThread "stderr" [_thread_in_native, id=3368, stack(0x0000000067510000,0x0000000067610000)]
  0x000000005aa78000 JavaThread "stdout" [_thread_in_native, id=6824, stack(0x0000000065240000,0x0000000065340000)]
  0x000000005aa77000 JavaThread "stderr" [_thread_in_native, id=5924, stack(0x00000000666c0000,0x00000000667c0000)]
  0x000000005aa76000 JavaThread "stdout" [_thread_in_native, id=4964, stack(0x0000000067660000,0x0000000067760000)]
  0x000000005aa75800 JavaThread "stdout" [_thread_in_native, id=1736, stack(0x0000000067260000,0x0000000067360000)]
  0x000000005aa74800 JavaThread "stderr" [_thread_in_native, id=6216, stack(0x0000000067130000,0x0000000067230000)]
  0x000000005aa74000 JavaThread "stderr" [_thread_in_native, id=1824, stack(0x0000000066f60000,0x0000000067060000)]
  0x000000005aa73000 JavaThread "pool-4-thread-1" [_thread_blocked, id=1828, stack(0x0000000066d70000,0x0000000066e70000)]
  0x00000000595b2000 JavaThread "WorkerExecutor Queue Thread 5" [_thread_blocked, id=6968, stack(0x0000000062880000,0x0000000062980000)]
  0x000000006120e000 JavaThread "Cache worker for Java compile cache (C:\Users\Umais\wedo_app\android\.gradle\6.0.1\javaCompile)" [_thread_blocked, id=5948, stack(0x0000000065d80000,0x0000000065e80000)]
  0x00000000595b4800 JavaThread "Cache worker for Java compile cache (C:\Users\Umais\.gradle\caches\6.0.1\javaCompile)" [_thread_blocked, id=3372, stack(0x00000000653d0000,0x00000000654d0000)]
  0x00000000595b3800 JavaThread "WorkerExecutor Queue Thread 4" [_thread_blocked, id=6344, stack(0x0000000065c30000,0x0000000065d30000)]
  0x00000000595b3000 JavaThread "WorkerExecutor Queue Thread 3" [_thread_blocked, id=4320, stack(0x0000000063e10000,0x0000000063f10000)]
  0x00000000595b0800 JavaThread "Cache worker for execution history cache (C:\Users\Umais\wedo_app\android\.gradle\6.0.1\executionHistory)" [_thread_blocked, id=3276, stack(0x0000000064fe0000,0x00000000650e0000)]
  0x00000000595af000 JavaThread "Execution worker for ':' Thread 3" [_thread_in_native, id=428, stack(0x0000000063b00000,0x0000000063c00000)]
  0x00000000595ae800 JavaThread "Execution worker for ':' Thread 2" [_thread_in_native, id=2428, stack(0x0000000058450000,0x0000000058550000)]
  0x00000000595ad800 JavaThread "Execution worker for ':'" [_thread_in_native, id=4628, stack(0x0000000065140000,0x0000000065240000)]
  0x00000000592a0800 JavaThread "Cache worker for file content cache (C:\Users\Umais\wedo_app\android\.gradle\6.0.1\fileContent)" [_thread_blocked, id=6068, stack(0x0000000063d00000,0x0000000063e00000)]
  0x00000000592a2000 JavaThread "Cache worker for Build Output Cleanup Cache (C:\Users\Umais\wedo_app\android\.gradle\buildOutputCleanup)" [_thread_blocked, id=2128, stack(0x000000005e510000,0x000000005e610000)]
  0x00000000592a2800 JavaThread "pool-3-thread-1" [_thread_blocked, id=4080, stack(0x0000000063c00000,0x0000000063d00000)]
  0x0000000057489000 JavaThread "Build operations Thread 4" [_thread_blocked, id=5232, stack(0x0000000062520000,0x0000000062620000)]
  0x0000000057484800 JavaThread "Build operations Thread 3" [_thread_blocked, id=4236, stack(0x0000000062010000,0x0000000062110000)]
  0x0000000057487000 JavaThread "Build operations Thread 2" [_thread_blocked, id=6012, stack(0x0000000063a00000,0x0000000063b00000)]
  0x0000000057485800 JavaThread "Build operations" [_thread_blocked, id=5284, stack(0x000000005f5e0000,0x000000005f6e0000)]
  0x0000000057481000 JavaThread "Cache worker for cache directory md-rule (C:\Users\Umais\.gradle\caches\6.0.1\md-rule)" [_thread_blocked, id=6976, stack(0x000000005ed10000,0x000000005ee10000)]
  0x000000005748a800 JavaThread "Cache worker for cache directory md-supplier (C:\Users\Umais\.gradle\caches\6.0.1\md-supplier)" [_thread_blocked, id=4816, stack(0x000000005eb70000,0x000000005ec70000)]
  0x0000000057488800 JavaThread "Cache worker for file hash cache (C:\Users\Umais\wedo_app\android\.gradle\6.0.1\fileHashes)" [_thread_blocked, id=2712, stack(0x000000005ea40000,0x000000005eb40000)]
  0x000000005748a000 JavaThread "Thread-58" [_thread_blocked, id=4464, stack(0x0000000058900000,0x0000000058a00000)]
  0x000000005ccf7000 JavaThread "Stdin handler" [_thread_blocked, id=4788, stack(0x000000005e940000,0x000000005ea40000)]
  0x000000005ccf3000 JavaThread "Asynchronous log dispatcher for DefaultDaemonConnection: socket connection from /127.0.0.1:39902 to /127.0.0.1:40117" [_thread_blocked, id=4996, stack(0x000000005e400000,0x000000005e500000)]
  0x000000005ccf1800 JavaThread "Daemon worker Thread 3" [_thread_blocked, id=5272, stack(0x000000005c400000,0x000000005c500000)]
  0x000000005ccf6800 JavaThread "Cancel handler" [_thread_blocked, id=5168, stack(0x0000000057f30000,0x0000000058030000)]
  0x000000005ccf5800 JavaThread "Handler for socket connection from /127.0.0.1:39902 to /127.0.0.1:40117" [_thread_in_native, id=3688, stack(0x0000000058560000,0x0000000058660000)]
  0x000000005ccf4000 JavaThread "Daemon Thread 3" [_thread_blocked, id=4748, stack(0x00000000578f0000,0x00000000579f0000)]
  0x000000005929f000 JavaThread "Cache worker for file content cache (C:\Users\Umais\.gradle\caches\6.0.1\fileContent)" [_thread_blocked, id=5984, stack(0x0000000062410000,0x0000000062510000)]
  0x000000005748c000 JavaThread "Memory manager" [_thread_blocked, id=2816, stack(0x000000005f4e0000,0x000000005f5e0000)]
  0x0000000057486000 JavaThread "Cache worker for execution history cache (C:\Users\Umais\.gradle\caches\6.0.1\executionHistory)" [_thread_blocked, id=3328, stack(0x000000005e610000,0x000000005e710000)]
  0x0000000057480000 JavaThread "Cache worker for journal cache (C:\Users\Umais\.gradle\caches\journal-1)" [_thread_blocked, id=3564, stack(0x0000000058d30000,0x0000000058e30000)]
  0x000000005747f800 JavaThread "File lock request listener" [_thread_in_native, id=5664, stack(0x0000000058b40000,0x0000000058c40000)]
  0x000000005747e800 JavaThread "Cache worker for file hash cache (C:\Users\Umais\.gradle\caches\6.0.1\fileHashes)" [_thread_blocked, id=5432, stack(0x0000000058a10000,0x0000000058b10000)]
  0x00000000573b7000 JavaThread "Daemon periodic checks" [_thread_blocked, id=4980, stack(0x0000000058030000,0x0000000058130000)]
  0x0000000055545800 JavaThread "Incoming local TCP Connector on port 39902" [_thread_in_native, id=4936, stack(0x0000000057e30000,0x0000000057f30000)]
  0x0000000055303000 JavaThread "Daemon health stats" [_thread_blocked, id=4864, stack(0x0000000057b00000,0x0000000057c00000)]
  0x000000005535a000 JavaThread "Service Thread" daemon [_thread_blocked, id=5064, stack(0x0000000055d30000,0x0000000055e30000)]
  0x0000000053eb7800 JavaThread "C1 CompilerThread2" daemon [_thread_blocked, id=5360, stack(0x0000000055b10000,0x0000000055c10000)]
=>0x0000000053eb7000 JavaThread "C2 CompilerThread1" daemon [_thread_in_native, id=3572, stack(0x0000000055c10000,0x0000000055d10000)]
  0x00000000552da800 JavaThread "C2 CompilerThread0" daemon [_thread_in_native, id=4440, stack(0x0000000055980000,0x0000000055a80000)]
  0x0000000053eb5800 JavaThread "Attach Listener" daemon [_thread_blocked, id=6828, stack(0x0000000055710000,0x0000000055810000)]
  0x00000000552dc800 JavaThread "Signal Dispatcher" daemon [_thread_blocked, id=6720, stack(0x0000000055840000,0x0000000055940000)]
  0x0000000053e9d000 JavaThread "Finalizer" daemon [_thread_blocked, id=3944, stack(0x0000000054ec0000,0x0000000054fc0000)]
  0x0000000053e95000 JavaThread "Reference Handler" daemon [_thread_blocked, id=4528, stack(0x00000000551d0000,0x00000000552d0000)]
  0x000000000213f800 JavaThread "main" [_thread_blocked, id=4580, stack(0x00000000024c0000,0x00000000025c0000)]

Other Threads:
  0x0000000053e4d800 VMThread [stack: 0x0000000055000000,0x0000000055100000] [id=6920]
  0x0000000055364000 WatcherThread [stack: 0x0000000055fd0000,0x00000000560d0000] [id=1128]

VM state:not at safepoint (normal execution)

VM Mutex/Monitor currently owned by a thread: None

heap address: 0x00000000e0000000, size: 512 MB, Compressed Oops mode: 32-bit
Narrow klass base: 0x0000000000000000, Narrow klass shift: 0
Compressed class space size: 1073741824 Address: 0x00000000134c0000

Heap:
 PSYoungGen      total 145408K, used 82464K [0x00000000f5580000, 0x00000000ffc00000, 0x0000000100000000)
  eden space 120832K, 64% used [0x00000000f5580000,0x00000000fa1589a0,0x00000000fcb80000)
  from space 24576K, 19% used [0x00000000fcb80000,0x00000000fd02f668,0x00000000fe380000)
  to   space 23040K, 0% used [0x00000000fe580000,0x00000000fe580000,0x00000000ffc00000)
 ParOldGen       total 349696K, used 281888K [0x00000000e0000000, 0x00000000f5580000, 0x00000000f5580000)
  object space 349696K, 80% used [0x00000000e0000000,0x00000000f1348228,0x00000000f5580000)
 Metaspace       used 102751K, capacity 110021K, committed 110208K, reserved 1144832K
  class space    used 13319K, capacity 14948K, committed 14976K, reserved 1048576K

Card table byte_map: [0x0000000002240000,0x0000000002350000] byte_map_base: 0x0000000001b40000

Marking Bits: (ParMarkBitMap*) 0x000000006c515ce0
 Begin Bits: [0x00000000124c0000, 0x0000000012cc0000)
 End Bits:   [0x0000000012cc0000, 0x00000000134c0000)

Polling page: 0x0000000000130000

CodeCache: size=245760Kb used=81341Kb max_used=81341Kb free=164418Kb
 bounds [0x0000000002890000, 0x00000000078f0000, 0x0000000011890000]
 total_blobs=22783 nmethods=21865 adapters=827
 compilation: enabled

Compilation events (10 events):
Event: 1178.355 Thread 0x0000000053eb7800 28755       2       com.android.tools.r8.graph.DexValue$DexValueBoolean::hashCode (17 bytes)
Event: 1178.355 Thread 0x0000000053eb7800 nmethod 28755 0x0000000005aa4e10 code [0x0000000005aa4f60, 0x0000000005aa50d0]
Event: 1178.359 Thread 0x0000000053eb7800 28756       2       com.android.tools.r8.graph.DexCode$TryHandler$TypeAddrPair::a (11 bytes)
Event: 1178.360 Thread 0x0000000053eb7800 nmethod 28756 0x0000000006068210 code [0x00000000060683a0, 0x00000000060685c8]
Event: 1178.362 Thread 0x0000000053eb7800 28757 %     3       java.util.IdentityHashMap$KeySpliterator::forEachRemaining @ 59 (112 bytes)
Event: 1178.370 Thread 0x0000000053eb7800 nmethod 28757% 0x0000000007010c90 code [0x0000000007010e80, 0x0000000007011738]
Event: 1178.370 Thread 0x0000000053eb7800 28758       2       com.android.tools.r8.graph.ObjectToOffsetMapping::a (113 bytes)
Event: 1178.373 Thread 0x0000000053eb7800 nmethod 28758 0x0000000006f4fd10 code [0x0000000006f4ff60, 0x0000000006f50598]
Event: 1178.373 Thread 0x0000000053eb7800 28759       2       com.android.tools.r8.n.a.a.a.h.N::keySet (25 bytes)
Event: 1178.374 Thread 0x0000000053eb7800 nmethod 28759 0x0000000006b16b90 code [0x0000000006b16ce0, 0x0000000006b16eb0]

GC Heap History (10 events):
Event: 1153.963 GC heap before
{Heap before GC invocations=64 (full 5):
 PSYoungGen      total 141312K, used 114926K [0x00000000f5580000, 0x00000000ffc80000, 0x0000000100000000)
  eden space 111616K, 100% used [0x00000000f5580000,0x00000000fc280000,0x00000000fc280000)
  from space 29696K, 11% used [0x00000000fdf80000,0x00000000fe2bbbb8,0x00000000ffc80000)
  to   space 29696K, 0% used [0x00000000fc280000,0x00000000fc280000,0x00000000fdf80000)
 ParOldGen       total 349696K, used 272100K [0x00000000e0000000, 0x00000000f5580000, 0x00000000f5580000)
  object space 349696K, 77% used [0x00000000e0000000,0x00000000f09b90f8,0x00000000f5580000)
 Metaspace       used 102611K, capacity 109911K, committed 109952K, reserved 1144832K
  class space    used 13316K, capacity 14943K, committed 14976K, reserved 1048576K
Event: 1154.315 GC heap after
Heap after GC invocations=64 (full 5):
 PSYoungGen      total 141312K, used 5160K [0x00000000f5580000, 0x00000000ffd00000, 0x0000000100000000)
  eden space 111616K, 0% used [0x00000000f5580000,0x00000000f5580000,0x00000000fc280000)
  from space 29696K, 17% used [0x00000000fc280000,0x00000000fc78a3b0,0x00000000fdf80000)
  to   space 28160K, 0% used [0x00000000fe180000,0x00000000fe180000,0x00000000ffd00000)
 ParOldGen       total 349696K, used 274312K [0x00000000e0000000, 0x00000000f5580000, 0x00000000f5580000)
  object space 349696K, 78% used [0x00000000e0000000,0x00000000f0be20f8,0x00000000f5580000)
 Metaspace       used 102611K, capacity 109911K, committed 109952K, reserved 1144832K
  class space    used 13316K, capacity 14943K, committed 14976K, reserved 1048576K
}
Event: 1158.472 GC heap before
{Heap before GC invocations=65 (full 5):
 PSYoungGen      total 141312K, used 116776K [0x00000000f5580000, 0x00000000ffd00000, 0x0000000100000000)
  eden space 111616K, 100% used [0x00000000f5580000,0x00000000fc280000,0x00000000fc280000)
  from space 29696K, 17% used [0x00000000fc280000,0x00000000fc78a3b0,0x00000000fdf80000)
  to   space 28160K, 0% used [0x00000000fe180000,0x00000000fe180000,0x00000000ffd00000)
 ParOldGen       total 349696K, used 274312K [0x00000000e0000000, 0x00000000f5580000, 0x00000000f5580000)
  object space 349696K, 78% used [0x00000000e0000000,0x00000000f0be20f8,0x00000000f5580000)
 Metaspace       used 102642K, capacity 109923K, committed 110208K, reserved 1144832K
  class space    used 13316K, capacity 14943K, committed 14976K, reserved 1048576K
Event: 1158.521 GC heap after
Heap after GC invocations=65 (full 5):
 PSYoungGen      total 143872K, used 3285K [0x00000000f5580000, 0x00000000ffc80000, 0x0000000100000000)
  eden space 116224K, 0% used [0x00000000f5580000,0x00000000f5580000,0x00000000fc700000)
  from space 27648K, 11% used [0x00000000fe180000,0x00000000fe4b5498,0x00000000ffc80000)
  to   space 27136K, 0% used [0x00000000fc700000,0x00000000fc700000,0x00000000fe180000)
 ParOldGen       total 349696K, used 276327K [0x00000000e0000000, 0x00000000f5580000, 0x00000000f5580000)
  object space 349696K, 79% used [0x00000000e0000000,0x00000000f0dd9f00,0x00000000f5580000)
 Metaspace       used 102642K, capacity 109923K, committed 110208K, reserved 1144832K
  class space    used 13316K, capacity 14943K, committed 14976K, reserved 1048576K
}
Event: 1163.679 GC heap before
{Heap before GC invocations=66 (full 5):
 PSYoungGen      total 143872K, used 119509K [0x00000000f5580000, 0x00000000ffc80000, 0x0000000100000000)
  eden space 116224K, 100% used [0x00000000f5580000,0x00000000fc700000,0x00000000fc700000)
  from space 27648K, 11% used [0x00000000fe180000,0x00000000fe4b5498,0x00000000ffc80000)
  to   space 27136K, 0% used [0x00000000fc700000,0x00000000fc700000,0x00000000fe180000)
 ParOldGen       total 349696K, used 276327K [0x00000000e0000000, 0x00000000f5580000, 0x00000000f5580000)
  object space 349696K, 79% used [0x00000000e0000000,0x00000000f0dd9f00,0x00000000f5580000)
 Metaspace       used 102681K, capacity 109997K, committed 110208K, reserved 1144832K
  class space    used 13317K, capacity 14944K, committed 14976K, reserved 1048576K
Event: 1163.978 GC heap after
Heap after GC invocations=66 (full 5):
 PSYoungGen      total 143360K, used 4109K [0x00000000f5580000, 0x00000000ffc80000, 0x0000000100000000)
  eden space 116224K, 0% used [0x00000000f5580000,0x00000000f5580000,0x00000000fc700000)
  from space 27136K, 15% used [0x00000000fc700000,0x00000000fcb035e8,0x00000000fe180000)
  to   space 25600K, 0% used [0x00000000fe380000,0x00000000fe380000,0x00000000ffc80000)
 ParOldGen       total 349696K, used 278007K [0x00000000e0000000, 0x00000000f5580000, 0x00000000f5580000)
  object space 349696K, 79% used [0x00000000e0000000,0x00000000f0f7dfd0,0x00000000f5580000)
 Metaspace       used 102681K, capacity 109997K, committed 110208K, reserved 1144832K
  class space    used 13317K, capacity 14944K, committed 14976K, reserved 1048576K
}
Event: 1167.310 GC heap before
{Heap before GC invocations=67 (full 5):
 PSYoungGen      total 143360K, used 120333K [0x00000000f5580000, 0x00000000ffc80000, 0x0000000100000000)
  eden space 116224K, 100% used [0x00000000f5580000,0x00000000fc700000,0x00000000fc700000)
  from space 27136K, 15% used [0x00000000fc700000,0x00000000fcb035e8,0x00000000fe180000)
  to   space 25600K, 0% used [0x00000000fe380000,0x00000000fe380000,0x00000000ffc80000)
 ParOldGen       total 349696K, used 278007K [0x00000000e0000000, 0x00000000f5580000, 0x00000000f5580000)
  object space 349696K, 79% used [0x00000000e0000000,0x00000000f0f7dfd0,0x00000000f5580000)
 Metaspace       used 102690K, capacity 109997K, committed 110208K, reserved 1144832K
  class space    used 13317K, capacity 14944K, committed 14976K, reserved 1048576K
Event: 1167.731 GC heap after
Heap after GC invocations=67 (full 5):
 PSYoungGen      total 146432K, used 5455K [0x00000000f5580000, 0x00000000ffc80000, 0x0000000100000000)
  eden space 120832K, 0% used [0x00000000f5580000,0x00000000f5580000,0x00000000fcb80000)
  from space 25600K, 21% used [0x00000000fe380000,0x00000000fe8d3dc0,0x00000000ffc80000)
  to   space 24576K, 0% used [0x00000000fcb80000,0x00000000fcb80000,0x00000000fe380000)
 ParOldGen       total 349696K, used 279906K [0x00000000e0000000, 0x00000000f5580000, 0x00000000f5580000)
  object space 349696K, 80% used [0x00000000e0000000,0x00000000f1158bf8,0x00000000f5580000)
 Metaspace       used 102690K, capacity 109997K, committed 110208K, reserved 1144832K
  class space    used 13317K, capacity 14944K, committed 14976K, reserved 1048576K
}
Event: 1174.787 GC heap before
{Heap before GC invocations=68 (full 5):
 PSYoungGen      total 146432K, used 126287K [0x00000000f5580000, 0x00000000ffc80000, 0x0000000100000000)
  eden space 120832K, 100% used [0x00000000f5580000,0x00000000fcb80000,0x00000000fcb80000)
  from space 25600K, 21% used [0x00000000fe380000,0x00000000fe8d3dc0,0x00000000ffc80000)
  to   space 24576K, 0% used [0x00000000fcb80000,0x00000000fcb80000,0x00000000fe380000)
 ParOldGen       total 349696K, used 279906K [0x00000000e0000000, 0x00000000f5580000, 0x00000000f5580000)
  object space 349696K, 80% used [0x00000000e0000000,0x00000000f1158bf8,0x00000000f5580000)
 Metaspace       used 102736K, capacity 110015K, committed 110208K, reserved 1144832K
  class space    used 13318K, capacity 14947K, committed 14976K, reserved 1048576K
Event: 1175.267 GC heap after
Heap after GC invocations=68 (full 5):
 PSYoungGen      total 145408K, used 4797K [0x00000000f5580000, 0x00000000ffc00000, 0x0000000100000000)
  eden space 120832K, 0% used [0x00000000f5580000,0x00000000f5580000,0x00000000fcb80000)
  from space 24576K, 19% used [0x00000000fcb80000,0x00000000fd02f668,0x00000000fe380000)
  to   space 23040K, 0% used [0x00000000fe580000,0x00000000fe580000,0x00000000ffc00000)
 ParOldGen       total 349696K, used 281888K [0x00000000e0000000, 0x00000000f5580000, 0x00000000f5580000)
  object space 349696K, 80% used [0x00000000e0000000,0x00000000f1348228,0x00000000f5580000)
 Metaspace       used 102736K, capacity 110015K, committed 110208K, reserved 1144832K
  class space    used 13318K, capacity 14947K, committed 14976K, reserved 1048576K
}

Deoptimization events (10 events):
Event: 1159.487 Thread 0x00000000595af000 Uncommon trap: reason=class_check action=maybe_recompile pc=0x0000000003fb81cc method=com.android.tools.r8.ir.optimize.CodeRewriter.e(Lcom/android/tools/r8/ir/code/Instruction;)Z @ 211
Event: 1159.498 Thread 0x00000000595af000 Uncommon trap: reason=class_check action=maybe_recompile pc=0x0000000003fb81cc method=com.android.tools.r8.ir.optimize.CodeRewriter.e(Lcom/android/tools/r8/ir/code/Instruction;)Z @ 211
Event: 1159.594 Thread 0x00000000595af000 Uncommon trap: reason=unstable_if action=reinterpret pc=0x00000000075dddb8 method=com.android.tools.r8.ir.regalloc.LinearScanRegisterAllocator.a(Lcom/android/tools/r8/ir/regalloc/LinearScanRegisterAllocator$a;Z)Lcom/android/tools/r8/ir/regalloc/LinearScan
Event: 1163.629 Thread 0x00000000595ae800 Uncommon trap: reason=unstable_if action=reinterpret pc=0x00000000077fa678 method=com.android.tools.r8.ir.regalloc.LinearScanRegisterAllocator.a(Lcom/android/tools/r8/ir/regalloc/LinearScanRegisterAllocator$a;Z)Lcom/android/tools/r8/ir/regalloc/LinearScan
Event: 1166.559 Thread 0x000000005ccf1800 Uncommon trap: reason=class_check action=maybe_recompile pc=0x00000000077b872c method=com.android.tools.r8.ir.analysis.g.e.b(Lcom/android/tools/r8/ir/code/Instruction;)V @ 376
Event: 1166.559 Thread 0x000000005ccf1800 Uncommon trap: reason=class_check action=maybe_recompile pc=0x00000000077b872c method=com.android.tools.r8.ir.analysis.g.e.b(Lcom/android/tools/r8/ir/code/Instruction;)V @ 376
Event: 1167.007 Thread 0x000000005ccf1800 Uncommon trap: reason=unstable_if action=reinterpret pc=0x0000000006f7cbc8 method=java.util.TimSort.mergeHi(IIII)V @ 568
Event: 1170.409 Thread 0x00000000595ad800 Uncommon trap: reason=null_check action=make_not_entrant pc=0x00000000051b9090 method=com.android.tools.r8.ir.analysis.type.ArrayTypeLatticeElement.getOrCreateVariant(Lcom/android/tools/r8/ir/analysis/type/Nullability;)Lcom/android/tools/r8/ir/analysis/ty
Event: 1170.520 Thread 0x00000000595ad800 Uncommon trap: reason=null_check action=make_not_entrant pc=0x00000000077ca610 method=com.android.tools.r8.ir.analysis.type.ArrayTypeLatticeElement.getOrCreateVariant(Lcom/android/tools/r8/ir/analysis/type/Nullability;)Lcom/android/tools/r8/ir/analysis/ty
Event: 1175.607 Thread 0x00000000595af000 Uncommon trap: reason=unstable_if action=reinterpret pc=0x00000000075ad840 method=com.android.tools.r8.n.a.a.a.g.B0$e.contains(Ljava/lang/Object;)Z @ 124

Classes redefined (0 events):
No events

Internal exceptions (10 events):
Event: 1171.774 Thread 0x000000005ccf1800 Exception <a 'sun/nio/fs/WindowsException'> (0x00000000fad88538) thrown at [C:\re\workspace\8-2-build-windows-amd64-cygwin\jdk8u221\13320\hotspot\src\share\vm\prims\jni.cpp, line 710]
Event: 1172.324 Thread 0x00000000595ad800 Exception <a 'sun/nio/fs/WindowsException'> (0x00000000fc321450) thrown at [C:\re\workspace\8-2-build-windows-amd64-cygwin\jdk8u221\13320\hotspot\src\share\vm\prims\jni.cpp, line 710]
Event: 1174.538 Thread 0x0000000061214000 Exception <a 'sun/nio/fs/WindowsException'> (0x00000000fc3e5818) thrown at [C:\re\workspace\8-2-build-windows-amd64-cygwin\jdk8u221\13320\hotspot\src\share\vm\prims\jni.cpp, line 710]
Event: 1174.538 Thread 0x0000000061214000 Exception <a 'sun/nio/fs/WindowsException'> (0x00000000fc3e7100) thrown at [C:\re\workspace\8-2-build-windows-amd64-cygwin\jdk8u221\13320\hotspot\src\share\vm\prims\jni.cpp, line 710]
Event: 1174.638 Thread 0x00000000595af000 Exception <a 'sun/nio/fs/WindowsException'> (0x00000000f9618768) thrown at [C:\re\workspace\8-2-build-windows-amd64-cygwin\jdk8u221\13320\hotspot\src\share\vm\prims\jni.cpp, line 710]
Event: 1175.275 Thread 0x00000000595b3800 Exception <a 'sun/nio/fs/WindowsException'> (0x00000000f55d8b58) thrown at [C:\re\workspace\8-2-build-windows-amd64-cygwin\jdk8u221\13320\hotspot\src\share\vm\prims\jni.cpp, line 710]
Event: 1175.275 Thread 0x00000000595b3800 Exception <a 'sun/nio/fs/WindowsException'> (0x00000000f55dc3c8) thrown at [C:\re\workspace\8-2-build-windows-amd64-cygwin\jdk8u221\13320\hotspot\src\share\vm\prims\jni.cpp, line 710]
Event: 1175.378 Thread 0x00000000595af000 Exception <a 'sun/nio/fs/WindowsException'> (0x00000000f5cfe408) thrown at [C:\re\workspace\8-2-build-windows-amd64-cygwin\jdk8u221\13320\hotspot\src\share\vm\prims\jni.cpp, line 710]
Event: 1175.650 Thread 0x00000000595af000 Exception <a 'sun/nio/fs/WindowsException'> (0x00000000f654ef50) thrown at [C:\re\workspace\8-2-build-windows-amd64-cygwin\jdk8u221\13320\hotspot\src\share\vm\prims\jni.cpp, line 710]
Event: 1176.011 Thread 0x00000000595ae800 Exception <a 'sun/nio/fs/WindowsException'> (0x00000000f7299cd8) thrown at [C:\re\workspace\8-2-build-windows-amd64-cygwin\jdk8u221\13320\hotspot\src\share\vm\prims\jni.cpp, line 710]

Events (10 events):
Event: 1177.128 Thread 0x00000000595ae800 DEOPT PACKING pc=0x000000000713998b sp=0x000000005854b300
Event: 1177.128 Thread 0x00000000595ae800 DEOPT UNPACKING pc=0x00000000028d7890 sp=0x000000005854b228 mode 0
Event: 1177.274 Thread 0x00000000595ae800 DEOPT PACKING pc=0x0000000007843baa sp=0x000000005854afd0
Event: 1177.274 Thread 0x00000000595ae800 DEOPT UNPACKING pc=0x00000000028d7890 sp=0x000000005854b038 mode 0
Event: 1177.416 Thread 0x00000000595ae800 DEOPT PACKING pc=0x00000000070520be sp=0x000000005854bdf0
Event: 1177.416 Thread 0x00000000595ae800 DEOPT UNPACKING pc=0x00000000028d7890 sp=0x000000005854bb68 mode 0
Event: 1178.350 Thread 0x00000000595ae800 DEOPT PACKING pc=0x00000000070520be sp=0x000000005854be10
Event: 1178.350 Thread 0x00000000595ae800 DEOPT UNPACKING pc=0x00000000028d7890 sp=0x000000005854bb88 mode 0
Event: 1178.365 Thread 0x00000000595ae800 DEOPT PACKING pc=0x00000000070520be sp=0x000000005854b970
Event: 1178.365 Thread 0x00000000595ae800 DEOPT UNPACKING pc=0x00000000028d7890 sp=0x000000005854b6e8 mode 0


Dynamic libraries:
0x000000013f7b0000 - 0x000000013f7e7000 	C:\Program Files\Java\jdk1.8.0_221\bin\java.exe
0x0000000076de0000 - 0x0000000076f7f000 	C:\Windows\SYSTEM32\ntdll.dll
0x0000000076cc0000 - 0x0000000076ddf000 	C:\Windows\system32\kernel32.dll
0x000007fefcbd0000 - 0x000007fefcc3a000 	C:\Windows\system32\KERNELBASE.dll
0x000007fefd110000 - 0x000007fefd1eb000 	C:\Windows\system32\ADVAPI32.dll
0x000007fefee60000 - 0x000007fefeeff000 	C:\Windows\system32\msvcrt.dll
0x000007fefedc0000 - 0x000007fefeddf000 	C:\Windows\SYSTEM32\sechost.dll
0x000007fefd2f0000 - 0x000007fefd41c000 	C:\Windows\system32\RPCRT4.dll
0x0000000076bc0000 - 0x0000000076cba000 	C:\Windows\system32\USER32.dll
0x000007fefedf0000 - 0x000007fefee57000 	C:\Windows\system32\GDI32.dll
0x000007fefd420000 - 0x000007fefd42e000 	C:\Windows\system32\LPK.dll
0x000007fefcfc0000 - 0x000007fefd08b000 	C:\Windows\system32\USP10.dll
0x000007fefb300000 - 0x000007fefb4f4000 	C:\Windows\WinSxS\amd64_microsoft.windows.common-controls_6595b64144ccf1df_6.0.7601.18837_none_fa3b1e3d17594757\COMCTL32.dll
0x000007fefd090000 - 0x000007fefd101000 	C:\Windows\system32\SHLWAPI.dll
0x000007fefe700000 - 0x000007fefe72e000 	C:\Windows\system32\IMM32.DLL
0x000007fefd4b0000 - 0x000007fefd5b9000 	C:\Windows\system32\MSCTF.dll
0x0000000072900000 - 0x00000000729d2000 	C:\Program Files\Java\jdk1.8.0_221\jre\bin\msvcr100.dll
0x000000006bcf0000 - 0x000000006c595000 	C:\Program Files\Java\jdk1.8.0_221\jre\bin\server\jvm.dll
0x000007feec1f0000 - 0x000007feec1f9000 	C:\Windows\system32\WSOCK32.dll
0x000007feff080000 - 0x000007feff0cd000 	C:\Windows\system32\WS2_32.dll
0x000007fefede0000 - 0x000007fefede8000 	C:\Windows\system32\NSI.dll
0x000007fefa7c0000 - 0x000007fefa7fb000 	C:\Windows\system32\WINMM.dll
0x000007fefb9c0000 - 0x000007fefb9cc000 	C:\Windows\system32\VERSION.dll
0x0000000076f80000 - 0x0000000076f87000 	C:\Windows\system32\PSAPI.DLL
0x000007fef98e0000 - 0x000007fef98ef000 	C:\Program Files\Java\jdk1.8.0_221\jre\bin\verify.dll
0x000007feeb3b0000 - 0x000007feeb3d9000 	C:\Program Files\Java\jdk1.8.0_221\jre\bin\java.dll
0x000007feee2d0000 - 0x000007feee2e6000 	C:\Program Files\Java\jdk1.8.0_221\jre\bin\zip.dll
0x000007fefd950000 - 0x000007fefe6da000 	C:\Windows\system32\SHELL32.dll
0x000007fefd5c0000 - 0x000007fefd7bf000 	C:\Windows\system32\ole32.dll
0x000007fefc930000 - 0x000007fefc93f000 	C:\Windows\system32\profapi.dll
0x000007feec200000 - 0x000007feec21a000 	C:\Program Files\Java\jdk1.8.0_221\jre\bin\net.dll
0x000007fefd7c0000 - 0x000007fefd948000 	C:\Windows\system32\urlmon.dll
0x000007fefcc80000 - 0x000007fefcc84000 	C:\Windows\system32\api-ms-win-downlevel-ole32-l1-1-0.dll
0x000007fefcc50000 - 0x000007fefcc54000 	C:\Windows\system32\api-ms-win-downlevel-shlwapi-l1-1-0.dll
0x000007fefcc40000 - 0x000007fefcc45000 	C:\Windows\system32\api-ms-win-downlevel-advapi32-l1-1-0.dll
0x000007fefc950000 - 0x000007fefc954000 	C:\Windows\system32\api-ms-win-downlevel-user32-l1-1-0.dll
0x000007fefca10000 - 0x000007fefca14000 	C:\Windows\system32\api-ms-win-downlevel-version-l1-1-0.dll
0x000007fefca00000 - 0x000007fefca03000 	C:\Windows\system32\api-ms-win-downlevel-normaliz-l1-1-0.dll
0x0000000076f90000 - 0x0000000076f93000 	C:\Windows\system32\normaliz.DLL
0x000007fefccf0000 - 0x000007fefcfba000 	C:\Windows\system32\iertutil.dll
0x000007fefe910000 - 0x000007fefedbc000 	C:\Windows\system32\WININET.dll
0x000007fefccd0000 - 0x000007fefccee000 	C:\Windows\system32\USERENV.dll
0x000007fefc070000 - 0x000007fefc0c5000 	C:\Windows\system32\mswsock.dll
0x000007fefc060000 - 0x000007fefc067000 	C:\Windows\System32\wship6.dll
0x000007fee8240000 - 0x000007fee8252000 	C:\Program Files\Java\jdk1.8.0_221\jre\bin\nio.dll
0x000007fefb260000 - 0x000007fefb286000 	C:\Users\Umais\.gradle\native\30\windows-amd64\native-platform.dll
0x000007fef0280000 - 0x000007fef0283000 	C:\Windows\system32\api-ms-win-core-synch-l1-2-0.DLL
0x000007fef1e10000 - 0x000007fef1e1d000 	C:\Program Files\Java\jdk1.8.0_221\jre\bin\management.dll
0x000007fefc0d0000 - 0x000007fefc0e8000 	C:\Windows\system32\CRYPTSP.dll
0x000007fefbdd0000 - 0x000007fefbe17000 	C:\Windows\system32\rsaenh.dll
0x000007fefc7d0000 - 0x000007fefc7df000 	C:\Windows\system32\CRYPTBASE.dll
0x000007fefa530000 - 0x000007fefa557000 	C:\Windows\system32\IPHLPAPI.DLL
0x000007fefa510000 - 0x000007fefa51b000 	C:\Windows\system32\WINNSI.DLL
0x000007fefa320000 - 0x000007fefa338000 	C:\Windows\system32\dhcpcsvc.DLL
0x000007fefa300000 - 0x000007fefa311000 	C:\Windows\system32\dhcpcsvc6.DLL
0x000007fefc770000 - 0x000007fefc7c7000 	C:\Windows\system32\apphelp.dll
0x000007fee81c0000 - 0x000007fee81e4000 	C:\Program Files\Java\jdk1.8.0_221\jre\bin\sunec.dll
0x000007fefba90000 - 0x000007fefba97000 	C:\Windows\System32\wshtcpip.dll
0x000007fefbef0000 - 0x000007fefbf4b000 	C:\Windows\system32\DNSAPI.dll
0x000007fef5280000 - 0x000007fef52af000 	C:\Program Files\Common Files\Microsoft Shared\Windows Live\WLIDNSP.DLL
0x000007fef22c0000 - 0x000007fef22c8000 	C:\Windows\system32\rasadhlp.dll
0x000007fefa3a0000 - 0x000007fefa3f3000 	C:\Windows\System32\fwpuclnt.dll
0x000007fef9930000 - 0x000007fef993b000 	C:\Program Files\Java\jdk1.8.0_221\jre\bin\sunmscapi.dll
0x000007fefca60000 - 0x000007fefcbcd000 	C:\Windows\system32\CRYPT32.dll
0x000007fefc940000 - 0x000007fefc94f000 	C:\Windows\system32\MSASN1.dll
0x000007fef8970000 - 0x000007fef8a95000 	C:\Windows\system32\dbghelp.dll

VM Arguments:
jvm_args: -XX:MaxMetaspaceSize=256m -XX:+HeapDumpOnOutOfMemoryError -Xms256m -Xmx512m -Dfile.encoding=windows-1252 -Duser.country=US -Duser.language=en -Duser.variant 
java_command: org.gradle.launcher.daemon.bootstrap.GradleDaemon 6.0.1
java_class_path (initial): C:\Users\Umais\.gradle\wrapper\dists\gradle-6.0.1-all\99d3u8wxs16ndehh90lbbir67\gradle-6.0.1\lib\gradle-launcher-6.0.1.jar
Launcher Type: SUN_STANDARD

Environment Variables:
JAVA_HOME=C:\Program Files\Java\jdk1.8.0_221
CLASSPATH=C:\Users\Umais\wedo_app\android\\gradle\wrapper\gradle-wrapper.jar
USERNAME=Umais
OS=Windows_NT
PROCESSOR_IDENTIFIER=Intel64 Family 6 Model 42 Stepping 7, GenuineIntel



---------------  S Y S T E M  ---------------

OS: Windows 7 , 64 bit Build 7601 (6.1.7601.24384)

CPU:total 4 (initial active 4) (2 cores per cpu, 2 threads per core) family 6 model 42 stepping 7, cmov, cx8, fxsr, mmx, sse, sse2, sse3, ssse3, sse4.1, sse4.2, popcnt, avx, clmul, ht, tsc, tscinvbit

Memory: 4k page, physical 8281456k(3126660k free), swap 16561008k(11243680k free)

vm_info: Java HotSpot(TM) 64-Bit Server VM (25.221-b11) for windows-amd64 JRE (1.8.0_221-b11), built on Jul  4 2019 04:39:29 by "java_re" with MS VC++ 10.0 (VS2010)

time: Mon Jul 06 23:13:25 2020
timezone: Pakistan Standard Time
elapsed time: 1179 seconds (0d 0h 19m 39s)

