#
# A fatal error has been detected by the Java Runtime Environment:
#
#  EXCEPTION_ACCESS_VIOLATION (0xc0000005) at pc=0x0000000058f44a54, pid=5400, tid=0x0000000000001a40
#
# JRE version: Java(TM) SE Runtime Environment (8.0_221-b11) (build 1.8.0_221-b11)
# Java VM: Java HotSpot(TM) 64-Bit Server VM (25.221-b11 mixed mode windows-amd64 compressed oops)
# Problematic frame:
# V  [jvm.dll+0x484a54]
#
# Failed to write core dump. Minidumps are not enabled by default on client versions of Windows
#
# If you would like to submit a bug report, please visit:
#   http://bugreport.java.com/bugreport/crash.jsp
#

---------------  T H R E A D  ---------------

Current thread (0x000000005501b800):  JavaThread "C2 CompilerThread1" daemon [_thread_in_native, id=6720, stack(0x0000000055790000,0x0000000055890000)]

siginfo: ExceptionCode=0xc0000005, reading address 0x0000000000000010

Registers:
RAX=0x0000000000000000, RBX=0x0000000000000040, RCX=0x000000005438f3e0, RDX=0x000000005bddeff0
RSP=0x000000005588bab0, RBP=0x000000005bddf040, RSI=0x0000000000000000, RDI=0x0000000000000008
R8 =0x000000005bddeff0, R9 =0x000000005bddf2c0, R10=0x000000000000000d, R11=0x000000005bddf040
R12=0x000000005bdb6f00, R13=0x000000005b3934b0, R14=0x000000005d57c9e0, R15=0x0000000000000020
RIP=0x0000000058f44a54, EFLAGS=0x0000000000010202

Top of Stack: (sp=0x000000005588bab0)
0x000000005588bab0:   0000000000000008 0000000000000000
0x000000005588bac0:   0000000000000001 000000005b3934b0
0x000000005588bad0:   0000000000000803 000000005b38a2c0
0x000000005588bae0:   0000000000145518 000000005b393490
0x000000005588baf0:   000000005b3934b0 000000005b393490
0x000000005588bb00:   0000000053bf55e0 000000005913eee8
0x000000005588bb10:   0000000053bf55e0 0000000000000200
0x000000005588bb20:   000000005b243980 0000000000000001
0x000000005588bb30:   0000000000000001 0000000053bf55e0
0x000000005588bb40:   000000000000000d 000000005b2016c0
0x000000005588bb50:   0000000053bf55e0 000000005588c010
0x000000005588bb60:   0000000000000000 000000005588bc80
0x000000005588bb70:   000000005588c030 0000000058f891fb
0x000000005588bb80:   000000005588c010 0000000000000f27
0x000000005588bb90:   000000005bdb6f00 000000005bddf040
0x000000005588bba0:   000000005b201710 000000005b2096a8 

Instructions: (pc=0x0000000058f44a54)
0x0000000058f44a34:   00 48 8b de 0f 1f 84 00 00 00 00 00 49 8b 46 08
0x0000000058f44a44:   48 8b 0c 03 48 85 c9 0f 84 8a 00 00 00 48 8b 01
0x0000000058f44a54:   ff 50 10 84 c0 0f 84 7c 00 00 00 49 8b 46 08 48
0x0000000058f44a64:   8b 0c 03 8b 41 28 41 8b 4c 85 00 83 f9 ff 74 67 


Register to memory mapping:

RAX=0x0000000000000000 is an unknown value
RBX=0x0000000000000040 is an unknown value
RCX=0x000000005438f3e0 is an unknown value
RDX=0x000000005bddeff0 is an unknown value
RSP=0x000000005588bab0 is pointing into the stack for thread: 0x000000005501b800
RBP=0x000000005bddf040 is an unknown value
RSI=0x0000000000000000 is an unknown value
RDI=0x0000000000000008 is an unknown value
R8 =0x000000005bddeff0 is an unknown value
R9 =0x000000005bddf2c0 is an unknown value
R10=0x000000000000000d is an unknown value
R11=0x000000005bddf040 is an unknown value
R12=0x000000005bdb6f00 is an unknown value
R13=0x000000005b3934b0 is an unknown value
R14=0x000000005d57c9e0 is an unknown value
R15=0x0000000000000020 is an unknown value


Stack: [0x0000000055790000,0x0000000055890000],  sp=0x000000005588bab0,  free space=1006k
Native frames: (J=compiled Java code, j=interpreted, Vv=VM code, C=native code)
V  [jvm.dll+0x484a54]
V  [jvm.dll+0x4c91fb]
V  [jvm.dll+0x47926c]
V  [jvm.dll+0x47a6c3]
V  [jvm.dll+0x45cfd2]
V  [jvm.dll+0xa6a62]
V  [jvm.dll+0xa73af]
V  [jvm.dll+0x24666f]
V  [jvm.dll+0x29fb8a]
C  [msvcr100.dll+0x21d9f]
C  [msvcr100.dll+0x21e3b]
C  [kernel32.dll+0x1570d]
C  [ntdll.dll+0x5385d]


Current CompileTask:
C2:  95632 2389   !   4       java.net.URLClassLoader$1::run (63 bytes)


---------------  P R O C E S S  ---------------

Java Threads: ( => current thread )
  0x0000000057446800 JavaThread "Cache worker for file hash cache (C:\Users\Umais\wedo_app\android\.gradle\6.0.1\fileHashes)" [_thread_blocked, id=3356, stack(0x000000005ccd0000,0x000000005cdd0000)]
  0x0000000057445800 JavaThread "Cache worker for journal cache (C:\Users\Umais\.gradle\caches\journal-1)" [_thread_blocked, id=4496, stack(0x000000005a760000,0x000000005a860000)]
  0x0000000057445000 JavaThread "File lock request listener" [_thread_in_native, id=5980, stack(0x000000005a440000,0x000000005a540000)]
  0x0000000057444000 JavaThread "Cache worker for file hash cache (C:\Users\Umais\.gradle\caches\6.0.1\fileHashes)" [_thread_blocked, id=6052, stack(0x000000005a5c0000,0x000000005a6c0000)]
  0x00000000571e4000 JavaThread "Thread-9" [_thread_blocked, id=7100, stack(0x0000000059370000,0x0000000059470000)]
  0x00000000571df000 JavaThread "Stdin handler" [_thread_blocked, id=6456, stack(0x0000000058920000,0x0000000058a20000)]
  0x00000000571d9800 JavaThread "Asynchronous log dispatcher for DefaultDaemonConnection: socket connection from /127.0.0.1:9328 to /127.0.0.1:9329" [_thread_blocked, id=3972, stack(0x0000000058730000,0x0000000058830000)]
  0x00000000571d5000 JavaThread "Daemon worker" [_thread_in_vm, id=2980, stack(0x00000000583e0000,0x00000000584e0000)]
  0x00000000571ce000 JavaThread "Cancel handler" [_thread_blocked, id=5496, stack(0x0000000058260000,0x0000000058360000)]
  0x00000000571c4000 JavaThread "Handler for socket connection from /127.0.0.1:9328 to /127.0.0.1:9329" [_thread_in_native, id=1340, stack(0x0000000057ec0000,0x0000000057fc0000)]
  0x00000000571c1000 JavaThread "Daemon" [_thread_blocked, id=4660, stack(0x0000000058060000,0x0000000058160000)]
  0x00000000571b4000 JavaThread "Daemon periodic checks" [_thread_blocked, id=6592, stack(0x0000000057d80000,0x0000000057e80000)]
  0x0000000057124000 JavaThread "Incoming local TCP Connector on port 9328" [_thread_in_native, id=4800, stack(0x0000000057c40000,0x0000000057d40000)]
  0x000000005658f000 JavaThread "Daemon health stats" [_thread_blocked, id=5936, stack(0x00000000565b0000,0x00000000566b0000)]
  0x0000000055073800 JavaThread "Service Thread" daemon [_thread_blocked, id=3332, stack(0x00000000559f0000,0x0000000055af0000)]
  0x0000000053bf7800 JavaThread "C1 CompilerThread2" daemon [_thread_blocked, id=3084, stack(0x0000000055b20000,0x0000000055c20000)]
=>0x000000005501b800 JavaThread "C2 CompilerThread1" daemon [_thread_in_native, id=6720, stack(0x0000000055790000,0x0000000055890000)]
  0x0000000055016800 JavaThread "C2 CompilerThread0" daemon [_thread_blocked, id=5300, stack(0x0000000055890000,0x0000000055990000)]
  0x0000000053bf4800 JavaThread "Attach Listener" daemon [_thread_blocked, id=6496, stack(0x0000000055610000,0x0000000055710000)]
  0x000000005501c800 JavaThread "Signal Dispatcher" daemon [_thread_blocked, id=6580, stack(0x0000000055490000,0x0000000055590000)]
  0x0000000053bde800 JavaThread "Finalizer" daemon [_thread_blocked, id=3520, stack(0x0000000054e50000,0x0000000054f50000)]
  0x0000000053bd5000 JavaThread "Reference Handler" daemon [_thread_blocked, id=4452, stack(0x0000000054d50000,0x0000000054e50000)]
  0x0000000002168000 JavaThread "main" [_thread_blocked, id=6228, stack(0x0000000002450000,0x0000000002550000)]

Other Threads:
  0x0000000053b8d800 VMThread [stack: 0x0000000054c50000,0x0000000054d50000] [id=3968]
  0x0000000055077000 WatcherThread [stack: 0x0000000055ca0000,0x0000000055da0000] [id=4588]

VM state:not at safepoint (normal execution)

VM Mutex/Monitor currently owned by a thread: None

heap address: 0x00000000e0000000, size: 512 MB, Compressed Oops mode: 32-bit
Narrow klass base: 0x0000000000000000, Narrow klass shift: 0
Compressed class space size: 1073741824 Address: 0x0000000013200000

Heap:
 PSYoungGen      total 130560K, used 10439K [0x00000000f5580000, 0x00000000fe800000, 0x0000000100000000)
  eden space 122368K, 2% used [0x00000000f5580000,0x00000000f57f7b10,0x00000000fcd00000)
  from space 8192K, 96% used [0x00000000fe000000,0x00000000fe7ba168,0x00000000fe800000)
  to   space 10752K, 0% used [0x00000000fd300000,0x00000000fd300000,0x00000000fdd80000)
 ParOldGen       total 175104K, used 12189K [0x00000000e0000000, 0x00000000eab00000, 0x00000000f5580000)
  object space 175104K, 6% used [0x00000000e0000000,0x00000000e0be7660,0x00000000eab00000)
 Metaspace       used 27637K, capacity 28290K, committed 28416K, reserved 1073152K
  class space    used 3830K, capacity 4061K, committed 4096K, reserved 1048576K

Card table byte_map: [0x0000000002230000,0x0000000002340000] byte_map_base: 0x0000000001b30000

Marking Bits: (ParMarkBitMap*) 0x00000000592e5ce0
 Begin Bits: [0x0000000012200000, 0x0000000012a00000)
 End Bits:   [0x0000000012a00000, 0x0000000013200000)

Polling page: 0x0000000001b60000

CodeCache: size=245760Kb used=8817Kb max_used=8854Kb free=236942Kb
 bounds [0x0000000002820000, 0x00000000030d0000, 0x0000000011820000]
 total_blobs=2911 nmethods=2222 adapters=601
 compilation: enabled

Compilation events (10 events):
Event: 95.189 Thread 0x0000000053bf7800 nmethod 2390 0x0000000003096810 code [0x00000000030969a0, 0x0000000003096c98]
Event: 95.234 Thread 0x0000000053bf7800 2391       3       com.google.common.cache.LocalCache::discardingQueue (4 bytes)
Event: 95.235 Thread 0x0000000053bf7800 nmethod 2391 0x0000000003088b90 code [0x0000000003088ce0, 0x0000000003088e10]
Event: 95.239 Thread 0x0000000053bf7800 2392       1       java.util.AbstractMap$SimpleImmutableEntry::getKey (5 bytes)
Event: 95.239 Thread 0x0000000053bf7800 nmethod 2392 0x0000000003096550 code [0x00000000030966a0, 0x00000000030967b0]
Event: 95.239 Thread 0x0000000053bf7800 2393       1       java.util.AbstractMap$SimpleImmutableEntry::getValue (5 bytes)
Event: 95.240 Thread 0x0000000053bf7800 nmethod 2393 0x0000000003096290 code [0x00000000030963e0, 0x00000000030964f0]
Event: 95.251 Thread 0x0000000053bf7800 2394       3       sun.reflect.generics.reflectiveObjects.TypeVariableImpl::getGenericDeclaration (71 bytes)
Event: 95.252 Thread 0x0000000053bf7800 nmethod 2394 0x00000000030953d0 code [0x00000000030955e0, 0x0000000003096038]
Event: 95.515 Thread 0x0000000055016800 nmethod 2384 0x00000000030abcd0 code [0x00000000030ac960, 0x00000000030b6208]

GC Heap History (10 events):
Event: 10.308 GC heap before
{Heap before GC invocations=1 (full 0):
 PSYoungGen      total 76288K, used 65536K [0x00000000f5580000, 0x00000000faa80000, 0x0000000100000000)
  eden space 65536K, 100% used [0x00000000f5580000,0x00000000f9580000,0x00000000f9580000)
  from space 10752K, 0% used [0x00000000fa000000,0x00000000fa000000,0x00000000faa80000)
  to   space 10752K, 0% used [0x00000000f9580000,0x00000000f9580000,0x00000000fa000000)
 ParOldGen       total 175104K, used 0K [0x00000000e0000000, 0x00000000eab00000, 0x00000000f5580000)
  object space 175104K, 0% used [0x00000000e0000000,0x00000000e0000000,0x00000000eab00000)
 Metaspace       used 7018K, capacity 7228K, committed 7424K, reserved 1056768K
  class space    used 885K, capacity 948K, committed 1024K, reserved 1048576K
Event: 10.330 GC heap after
Heap after GC invocations=1 (full 0):
 PSYoungGen      total 76288K, used 5634K [0x00000000f5580000, 0x00000000faa80000, 0x0000000100000000)
  eden space 65536K, 0% used [0x00000000f5580000,0x00000000f5580000,0x00000000f9580000)
  from space 10752K, 52% used [0x00000000f9580000,0x00000000f9b008e8,0x00000000fa000000)
  to   space 10752K, 0% used [0x00000000fa000000,0x00000000fa000000,0x00000000faa80000)
 ParOldGen       total 175104K, used 16K [0x00000000e0000000, 0x00000000eab00000, 0x00000000f5580000)
  object space 175104K, 0% used [0x00000000e0000000,0x00000000e0004000,0x00000000eab00000)
 Metaspace       used 7018K, capacity 7228K, committed 7424K, reserved 1056768K
  class space    used 885K, capacity 948K, committed 1024K, reserved 1048576K
}
Event: 17.285 GC heap before
{Heap before GC invocations=2 (full 0):
 PSYoungGen      total 76288K, used 71170K [0x00000000f5580000, 0x00000000faa80000, 0x0000000100000000)
  eden space 65536K, 100% used [0x00000000f5580000,0x00000000f9580000,0x00000000f9580000)
  from space 10752K, 52% used [0x00000000f9580000,0x00000000f9b008e8,0x00000000fa000000)
  to   space 10752K, 0% used [0x00000000fa000000,0x00000000fa000000,0x00000000faa80000)
 ParOldGen       total 175104K, used 16K [0x00000000e0000000, 0x00000000eab00000, 0x00000000f5580000)
  object space 175104K, 0% used [0x00000000e0000000,0x00000000e0004000,0x00000000eab00000)
 Metaspace       used 14349K, capacity 14602K, committed 14976K, reserved 1062912K
  class space    used 2044K, capacity 2165K, committed 2176K, reserved 1048576K
Event: 18.351 GC heap after
Heap after GC invocations=2 (full 0):
 PSYoungGen      total 76288K, used 9409K [0x00000000f5580000, 0x00000000fea80000, 0x0000000100000000)
  eden space 65536K, 0% used [0x00000000f5580000,0x00000000f5580000,0x00000000f9580000)
  from space 10752K, 87% used [0x00000000fa000000,0x00000000fa930510,0x00000000faa80000)
  to   space 10752K, 0% used [0x00000000f9580000,0x00000000f9580000,0x00000000fa000000)
 ParOldGen       total 175104K, used 16K [0x00000000e0000000, 0x00000000eab00000, 0x00000000f5580000)
  object space 175104K, 0% used [0x00000000e0000000,0x00000000e0004000,0x00000000eab00000)
 Metaspace       used 14349K, capacity 14602K, committed 14976K, reserved 1062912K
  class space    used 2044K, capacity 2165K, committed 2176K, reserved 1048576K
}
Event: 24.062 GC heap before
{Heap before GC invocations=3 (full 0):
 PSYoungGen      total 76288K, used 73319K [0x00000000f5580000, 0x00000000fea80000, 0x0000000100000000)
  eden space 65536K, 97% used [0x00000000f5580000,0x00000000f93e9a30,0x00000000f9580000)
  from space 10752K, 87% used [0x00000000fa000000,0x00000000fa930510,0x00000000faa80000)
  to   space 10752K, 0% used [0x00000000f9580000,0x00000000f9580000,0x00000000fa000000)
 ParOldGen       total 175104K, used 16K [0x00000000e0000000, 0x00000000eab00000, 0x00000000f5580000)
  object space 175104K, 0% used [0x00000000e0000000,0x00000000e0004000,0x00000000eab00000)
 Metaspace       used 20682K, capacity 21096K, committed 21296K, reserved 1067008K
  class space    used 3008K, capacity 3172K, committed 3200K, reserved 1048576K
Event: 24.089 GC heap after
Heap after GC invocations=3 (full 0):
 PSYoungGen      total 76288K, used 10732K [0x00000000f5580000, 0x00000000fea80000, 0x0000000100000000)
  eden space 65536K, 0% used [0x00000000f5580000,0x00000000f5580000,0x00000000f9580000)
  from space 10752K, 99% used [0x00000000f9580000,0x00000000f9ffb110,0x00000000fa000000)
  to   space 10752K, 0% used [0x00000000fe000000,0x00000000fe000000,0x00000000fea80000)
 ParOldGen       total 175104K, used 1921K [0x00000000e0000000, 0x00000000eab00000, 0x00000000f5580000)
  object space 175104K, 1% used [0x00000000e0000000,0x00000000e01e0440,0x00000000eab00000)
 Metaspace       used 20682K, capacity 21096K, committed 21296K, reserved 1067008K
  class space    used 3008K, capacity 3172K, committed 3200K, reserved 1048576K
}
Event: 24.089 GC heap before
{Heap before GC invocations=4 (full 1):
 PSYoungGen      total 76288K, used 10732K [0x00000000f5580000, 0x00000000fea80000, 0x0000000100000000)
  eden space 65536K, 0% used [0x00000000f5580000,0x00000000f5580000,0x00000000f9580000)
  from space 10752K, 99% used [0x00000000f9580000,0x00000000f9ffb110,0x00000000fa000000)
  to   space 10752K, 0% used [0x00000000fe000000,0x00000000fe000000,0x00000000fea80000)
 ParOldGen       total 175104K, used 1921K [0x00000000e0000000, 0x00000000eab00000, 0x00000000f5580000)
  object space 175104K, 1% used [0x00000000e0000000,0x00000000e01e0440,0x00000000eab00000)
 Metaspace       used 20682K, capacity 21096K, committed 21296K, reserved 1067008K
  class space    used 3008K, capacity 3172K, committed 3200K, reserved 1048576K
Event: 24.224 GC heap after
Heap after GC invocations=4 (full 1):
 PSYoungGen      total 76288K, used 0K [0x00000000f5580000, 0x00000000fea80000, 0x0000000100000000)
  eden space 65536K, 0% used [0x00000000f5580000,0x00000000f5580000,0x00000000f9580000)
  from space 10752K, 0% used [0x00000000f9580000,0x00000000f9580000,0x00000000fa000000)
  to   space 10752K, 0% used [0x00000000fe000000,0x00000000fe000000,0x00000000fea80000)
 ParOldGen       total 175104K, used 12189K [0x00000000e0000000, 0x00000000eab00000, 0x00000000f5580000)
  object space 175104K, 6% used [0x00000000e0000000,0x00000000e0be7660,0x00000000eab00000)
 Metaspace       used 20682K, capacity 21096K, committed 21296K, reserved 1067008K
  class space    used 3008K, capacity 3172K, committed 3200K, reserved 1048576K
}
Event: 95.318 GC heap before
{Heap before GC invocations=5 (full 1):
 PSYoungGen      total 76288K, used 65536K [0x00000000f5580000, 0x00000000fea80000, 0x0000000100000000)
  eden space 65536K, 100% used [0x00000000f5580000,0x00000000f9580000,0x00000000f9580000)
  from space 10752K, 0% used [0x00000000f9580000,0x00000000f9580000,0x00000000fa000000)
  to   space 10752K, 0% used [0x00000000fe000000,0x00000000fe000000,0x00000000fea80000)
 ParOldGen       total 175104K, used 12189K [0x00000000e0000000, 0x00000000eab00000, 0x00000000f5580000)
  object space 175104K, 6% used [0x00000000e0000000,0x00000000e0be7660,0x00000000eab00000)
 Metaspace       used 27568K, capacity 28194K, committed 28416K, reserved 1073152K
  class space    used 3821K, capacity 4029K, committed 4096K, reserved 1048576K
Event: 95.469 GC heap after
Heap after GC invocations=5 (full 1):
 PSYoungGen      total 130560K, used 7912K [0x00000000f5580000, 0x00000000fe800000, 0x0000000100000000)
  eden space 122368K, 0% used [0x00000000f5580000,0x00000000f5580000,0x00000000fcd00000)
  from space 8192K, 96% used [0x00000000fe000000,0x00000000fe7ba168,0x00000000fe800000)
  to   space 10752K, 0% used [0x00000000fd300000,0x00000000fd300000,0x00000000fdd80000)
 ParOldGen       total 175104K, used 12189K [0x00000000e0000000, 0x00000000eab00000, 0x00000000f5580000)
  object space 175104K, 6% used [0x00000000e0000000,0x00000000e0be7660,0x00000000eab00000)
 Metaspace       used 27568K, capacity 28194K, committed 28416K, reserved 1073152K
  class space    used 3821K, capacity 4029K, committed 4096K, reserved 1048576K
}

Deoptimization events (10 events):
Event: 26.401 Thread 0x00000000571d5000 Uncommon trap: reason=unstable_if action=reinterpret pc=0x0000000002db88e8 method=java.lang.String.regionMatches(ZILjava/lang/String;II)Z @ 41
Event: 26.435 Thread 0x00000000571d5000 Uncommon trap: reason=unstable_if action=reinterpret pc=0x000000000299d524 method=java.lang.ClassLoader.getClassLoadingLock(Ljava/lang/String;)Ljava/lang/Object; @ 6
Event: 26.570 Thread 0x00000000571d5000 Uncommon trap: reason=class_check action=maybe_recompile pc=0x0000000002dc51b4 method=sun.misc.URLClassPath.getLoader(I)Lsun/misc/URLClassPath$Loader; @ 239
Event: 26.767 Thread 0x00000000571d5000 Uncommon trap: reason=class_check action=maybe_recompile pc=0x0000000002dc51b4 method=sun.misc.URLClassPath.getLoader(I)Lsun/misc/URLClassPath$Loader; @ 239
Event: 28.585 Thread 0x00000000571d5000 Uncommon trap: reason=unstable_if action=reinterpret pc=0x0000000002a88b74 method=sun.nio.cs.UTF_8$Decoder.decode([BII[C)I @ 30
Event: 28.586 Thread 0x00000000571d5000 Uncommon trap: reason=unstable_if action=reinterpret pc=0x00000000029c6fc8 method=sun.nio.cs.UTF_8$Encoder.encode([CII[B)I @ 33
Event: 28.760 Thread 0x00000000571d5000 Uncommon trap: reason=class_check action=maybe_recompile pc=0x0000000002dc4cd8 method=sun.misc.URLClassPath.getLoader(I)Lsun/misc/URLClassPath$Loader; @ 94
Event: 28.831 Thread 0x00000000571d5000 Uncommon trap: reason=class_check action=maybe_recompile pc=0x0000000002dcbfd4 method=sun.misc.URLClassPath.getLoader(I)Lsun/misc/URLClassPath$Loader; @ 239
Event: 29.481 Thread 0x00000000571d5000 Uncommon trap: reason=unstable_if action=reinterpret pc=0x0000000002fe9248 method=org.codehaus.groovy.runtime.metaclass.MetaMethodIndex.addMethodToList(Ljava/lang/Object;Lgroovy/lang/MetaMethod;)Ljava/lang/Object; @ 226
Event: 93.607 Thread 0x00000000571d5000 Uncommon trap: reason=unstable_if action=reinterpret pc=0x0000000002931b10 method=java.util.HashMap.hash(Ljava/lang/Object;)I @ 1

Classes redefined (0 events):
No events

Internal exceptions (10 events):
Event: 92.145 Thread 0x00000000571d5000 Exception <a 'java/lang/ClassNotFoundException': groovy/lang/ClosureBeanInfo> (0x00000000f813b500) thrown at [C:\re\workspace\8-2-build-windows-amd64-cygwin\jdk8u221\13320\hotspot\src\share\vm\classfile\systemDictionary.cpp, line 210]
Event: 92.147 Thread 0x00000000571d5000 Exception <a 'java/lang/ClassNotFoundException': groovy/lang/ClosureCustomizer> (0x00000000f815e518) thrown at [C:\re\workspace\8-2-build-windows-amd64-cygwin\jdk8u221\13320\hotspot\src\share\vm\classfile\systemDictionary.cpp, line 210]
Event: 92.153 Thread 0x00000000571d5000 Exception <a 'java/lang/ClassNotFoundException': groovy/lang/Closure$1Customizer> (0x00000000f81a7740) thrown at [C:\re\workspace\8-2-build-windows-amd64-cygwin\jdk8u221\13320\hotspot\src\share\vm\classfile\systemDictionary.cpp, line 210]
Event: 92.316 Thread 0x00000000571d5000 Exception <a 'java/lang/ClassNotFoundException': org/gradle/internal/logging/slf4j/OutputEventListenerBackedLoggerBeanInfo> (0x00000000f82f8400) thrown at [C:\re\workspace\8-2-build-windows-amd64-cygwin\jdk8u221\13320\hotspot\src\share\vm\classfile\system
Event: 92.318 Thread 0x00000000571d5000 Exception <a 'java/lang/ClassNotFoundException': org/gradle/internal/logging/slf4j/BuildOperationAwareLoggerBeanInfo> (0x00000000f8330510) thrown at [C:\re\workspace\8-2-build-windows-amd64-cygwin\jdk8u221\13320\hotspot\src\share\vm\classfile\systemDictio
Event: 92.321 Thread 0x00000000571d5000 Exception <a 'java/lang/ClassNotFoundException': org/gradle/internal/logging/slf4j/BuildOperationAwareLoggerCustomizer> (0x00000000f8368ee0) thrown at [C:\re\workspace\8-2-build-windows-amd64-cygwin\jdk8u221\13320\hotspot\src\share\vm\classfile\systemDict
Event: 92.325 Thread 0x00000000571d5000 Exception <a 'java/lang/ClassNotFoundException': org/gradle/internal/logging/slf4j/OutputEventListenerBackedLoggerCustomizer> (0x00000000f83a9078) thrown at [C:\re\workspace\8-2-build-windows-amd64-cygwin\jdk8u221\13320\hotspot\src\share\vm\classfile\syst
Event: 92.338 Thread 0x00000000571d5000 Exception <a 'java/lang/ClassNotFoundException': java/util/HashMapBeanInfo> (0x00000000f8439018) thrown at [C:\re\workspace\8-2-build-windows-amd64-cygwin\jdk8u221\13320\hotspot\src\share\vm\classfile\systemDictionary.cpp, line 210]
Event: 92.339 Thread 0x00000000571d5000 Exception <a 'java/lang/ClassNotFoundException': java/util/HashMapCustomizer> (0x00000000f843ce08) thrown at [C:\re\workspace\8-2-build-windows-amd64-cygwin\jdk8u221\13320\hotspot\src\share\vm\classfile\systemDictionary.cpp, line 210]
Event: 93.607 Thread 0x00000000571d5000 Implicit null exception at 0x0000000002931905 to 0x0000000002931b01

Events (10 events):
Event: 95.310 loading class org/gradle/model/internal/core/AbstractModelAction
Event: 95.310 loading class org/gradle/model/internal/core/AbstractModelAction done
Event: 95.312 loading class org/gradle/model/internal/core/DefaultModelRegistration
Event: 95.312 loading class org/gradle/model/internal/core/DefaultModelRegistration done
Event: 95.314 loading class org/gradle/model/internal/registry/ModelGraph
Event: 95.314 loading class org/gradle/model/internal/registry/ModelGraph done
Event: 95.317 loading class org/gradle/model/internal/registry/ModelReferenceNode
Event: 95.317 loading class org/gradle/model/internal/registry/ModelReferenceNode done
Event: 95.318 Executing VM operation: ParallelGCFailedAllocation
Event: 95.469 Executing VM operation: ParallelGCFailedAllocation done


Dynamic libraries:
0x000000013fe90000 - 0x000000013fec7000 	C:\Program Files\Java\jdk1.8.0_221\bin\java.exe
0x0000000077640000 - 0x00000000777df000 	C:\Windows\SYSTEM32\ntdll.dll
0x0000000077520000 - 0x000000007763f000 	C:\Windows\system32\kernel32.dll
0x000007fefd280000 - 0x000007fefd2ea000 	C:\Windows\system32\KERNELBASE.dll
0x000007fefec30000 - 0x000007fefed0b000 	C:\Windows\system32\ADVAPI32.dll
0x000007fefdb30000 - 0x000007fefdbcf000 	C:\Windows\system32\msvcrt.dll
0x000007feff1f0000 - 0x000007feff20f000 	C:\Windows\SYSTEM32\sechost.dll
0x000007fefda00000 - 0x000007fefdb2c000 	C:\Windows\system32\RPCRT4.dll
0x0000000077420000 - 0x000000007751a000 	C:\Windows\system32\USER32.dll
0x000007feff2b0000 - 0x000007feff317000 	C:\Windows\system32\GDI32.dll
0x000007feff450000 - 0x000007feff45e000 	C:\Windows\system32\LPK.dll
0x000007feff660000 - 0x000007feff72b000 	C:\Windows\system32\USP10.dll
0x000007fefbb90000 - 0x000007fefbd84000 	C:\Windows\WinSxS\amd64_microsoft.windows.common-controls_6595b64144ccf1df_6.0.7601.18837_none_fa3b1e3d17594757\COMCTL32.dll
0x000007fefd860000 - 0x000007fefd8d1000 	C:\Windows\system32\SHLWAPI.dll
0x000007fefed10000 - 0x000007fefed3e000 	C:\Windows\system32\IMM32.DLL
0x000007fefd550000 - 0x000007fefd659000 	C:\Windows\system32\MSCTF.dll
0x000000006e490000 - 0x000000006e562000 	C:\Program Files\Java\jdk1.8.0_221\jre\bin\msvcr100.dll
0x0000000058ac0000 - 0x0000000059365000 	C:\Program Files\Java\jdk1.8.0_221\jre\bin\server\jvm.dll
0x000007fefa0d0000 - 0x000007fefa0d9000 	C:\Windows\system32\WSOCK32.dll
0x000007feff400000 - 0x000007feff44d000 	C:\Windows\system32\WS2_32.dll
0x000007feff4c0000 - 0x000007feff4c8000 	C:\Windows\system32\NSI.dll
0x000007fefb390000 - 0x000007fefb3cb000 	C:\Windows\system32\WINMM.dll
0x000007fefc220000 - 0x000007fefc22c000 	C:\Windows\system32\VERSION.dll
0x00000000777f0000 - 0x00000000777f7000 	C:\Windows\system32\PSAPI.DLL
0x000007fef92a0000 - 0x000007fef92af000 	C:\Program Files\Java\jdk1.8.0_221\jre\bin\verify.dll
0x000007fef1ee0000 - 0x000007fef1f09000 	C:\Program Files\Java\jdk1.8.0_221\jre\bin\java.dll
0x000007fef2d10000 - 0x000007fef2d26000 	C:\Program Files\Java\jdk1.8.0_221\jre\bin\zip.dll
0x000007fefdbd0000 - 0x000007fefe95a000 	C:\Windows\system32\SHELL32.dll
0x000007feff730000 - 0x000007feff92f000 	C:\Windows\system32\ole32.dll
0x000007fefd190000 - 0x000007fefd19f000 	C:\Windows\system32\profapi.dll
0x000007fef1d00000 - 0x000007fef1d1a000 	C:\Program Files\Java\jdk1.8.0_221\jre\bin\net.dll
0x000007feff4d0000 - 0x000007feff658000 	C:\Windows\system32\urlmon.dll
0x000007fefd2f0000 - 0x000007fefd2f4000 	C:\Windows\system32\api-ms-win-downlevel-ole32-l1-1-0.dll
0x000007fefd1d0000 - 0x000007fefd1d4000 	C:\Windows\system32\api-ms-win-downlevel-shlwapi-l1-1-0.dll
0x000007fefd4c0000 - 0x000007fefd4c5000 	C:\Windows\system32\api-ms-win-downlevel-advapi32-l1-1-0.dll
0x000007fefd1b0000 - 0x000007fefd1b4000 	C:\Windows\system32\api-ms-win-downlevel-user32-l1-1-0.dll
0x000007fefd1c0000 - 0x000007fefd1c4000 	C:\Windows\system32\api-ms-win-downlevel-version-l1-1-0.dll
0x000007fefd4b0000 - 0x000007fefd4b3000 	C:\Windows\system32\api-ms-win-downlevel-normaliz-l1-1-0.dll
0x00000000777e0000 - 0x00000000777e3000 	C:\Windows\system32\normaliz.DLL
0x000007fefe960000 - 0x000007fefec2a000 	C:\Windows\system32\iertutil.dll
0x000007fefed40000 - 0x000007feff1ec000 	C:\Windows\system32\WININET.dll
0x000007fefd490000 - 0x000007fefd4ae000 	C:\Windows\system32\USERENV.dll
0x000007fefc8d0000 - 0x000007fefc925000 	C:\Windows\system32\mswsock.dll
0x000007fefc8c0000 - 0x000007fefc8c7000 	C:\Windows\System32\wship6.dll
0x000007fef1ce0000 - 0x000007fef1cf2000 	C:\Program Files\Java\jdk1.8.0_221\jre\bin\nio.dll
0x000007fef1b50000 - 0x000007fef1b76000 	C:\Users\Umais\.gradle\native\30\windows-amd64\native-platform.dll
0x000007fef9230000 - 0x000007fef9233000 	C:\Windows\system32\api-ms-win-core-synch-l1-2-0.DLL
0x000007fef3040000 - 0x000007fef304d000 	C:\Program Files\Java\jdk1.8.0_221\jre\bin\management.dll
0x000007fefc930000 - 0x000007fefc948000 	C:\Windows\system32\CRYPTSP.dll
0x000007fefc630000 - 0x000007fefc677000 	C:\Windows\system32\rsaenh.dll
0x000007fefcff0000 - 0x000007fefcfff000 	C:\Windows\system32\CRYPTBASE.dll
0x000007fefaf20000 - 0x000007fefaf47000 	C:\Windows\system32\IPHLPAPI.DLL
0x000007fefaec0000 - 0x000007fefaecb000 	C:\Windows\system32\WINNSI.DLL
0x000007fefabe0000 - 0x000007fefabf8000 	C:\Windows\system32\dhcpcsvc.DLL
0x000007fefaa50000 - 0x000007fefaa61000 	C:\Windows\system32\dhcpcsvc6.DLL
0x000007fefcf90000 - 0x000007fefcfe7000 	C:\Windows\system32\apphelp.dll
0x000007fef90f0000 - 0x000007fef9215000 	C:\Windows\system32\dbghelp.dll

VM Arguments:
jvm_args: -XX:MaxMetaspaceSize=256m -XX:+HeapDumpOnOutOfMemoryError -Xms256m -Xmx512m -Dfile.encoding=windows-1252 -Duser.country=US -Duser.language=en -Duser.variant 
java_command: org.gradle.launcher.daemon.bootstrap.GradleDaemon 6.0.1
java_class_path (initial): C:\Users\Umais\.gradle\wrapper\dists\gradle-6.0.1-all\99d3u8wxs16ndehh90lbbir67\gradle-6.0.1\lib\gradle-launcher-6.0.1.jar
Launcher Type: SUN_STANDARD

Environment Variables:
JAVA_HOME=C:\Program Files\Java\jdk1.8.0_221
CLASSPATH=C:\Users\Umais\wedo_app\android\\gradle\wrapper\gradle-wrapper.jar
USERNAME=Umais
OS=Windows_NT
PROCESSOR_IDENTIFIER=Intel64 Family 6 Model 42 Stepping 7, GenuineIntel



---------------  S Y S T E M  ---------------

OS: Windows 7 , 64 bit Build 7601 (6.1.7601.24384)

CPU:total 4 (initial active 4) (2 cores per cpu, 2 threads per core) family 6 model 42 stepping 7, cmov, cx8, fxsr, mmx, sse, sse2, sse3, ssse3, sse4.1, sse4.2, popcnt, avx, clmul, ht, tsc, tscinvbit

Memory: 4k page, physical 8281456k(1676824k free), swap 16561008k(9423400k free)

vm_info: Java HotSpot(TM) 64-Bit Server VM (25.221-b11) for windows-amd64 JRE (1.8.0_221-b11), built on Jul  4 2019 04:39:29 by "java_re" with MS VC++ 10.0 (VS2010)

time: Wed Jun 24 23:59:44 2020
timezone: Pakistan Standard Time
elapsed time: 95 seconds (0d 0h 1m 35s)

